Watching for file changes with StatReloader
"GET /about/ HTTP/1.1" 200 23
"GET / HTTP/1.1" 200 5
E:\pythonProject\djangoGB\djangoGB\settings.py changed, reloading.
Index page accessed
About page accessed
Index page accessed
Watching for file changes with StatReloader
Index page accessed
"GET / HTTP/1.1" 200 5
Index page accessed
"GET / HTTP/1.1" 200 5
About page accessed
"GET /about/ HTTP/1.1" 200 23
About page accessed
"GET /about/ HTTP/1.1" 200 23
E:\pythonProject\djangoGB\djangoGB\settings.py changed, reloading.
INFO 2023-09-26 07:34:56,115 autoreload 11464 10488 Watching for file changes with StatReloader
DEBUG 2023-09-26 07:34:58,746 views 11464 528 About page accessed
INFO 2023-09-26 07:34:58,747 basehttp 11464 528 "GET /about/ HTTP/1.1" 200 23
INFO 2023-09-26 07:35:09,011 views 11464 528 Index page accessed
INFO 2023-09-26 07:35:09,012 basehttp 11464 528 "GET / HTTP/1.1" 200 5
INFO 2023-09-26 20:07:34,844 autoreload 10168 9240 Watching for file changes with StatReloader
INFO 2023-09-26 20:07:39,544 views 10168 9292 Index page accessed
ERROR 2023-09-26 20:07:39,630 log 10168 9292 Internal Server Error: /
Traceback (most recent call last):
  File "E:\pythonProject\djangoGB\env\lib\site-packages\django\template\base.py", line 816, in __init__
    self.literal = float(var)
ValueError: could not convert string to float: 'item._id'

During handling of the above exception, another exception occurred:

Traceback (most recent call last):
  File "E:\pythonProject\djangoGB\env\lib\site-packages\django\template\base.py", line 832, in __init__
    self.literal = mark_safe(unescape_string_literal(var))
  File "E:\pythonProject\djangoGB\env\lib\site-packages\django\utils\functional.py", line 246, in wrapper
    return func(*args, **kwargs)
  File "E:\pythonProject\djangoGB\env\lib\site-packages\django\utils\text.py", line 414, in unescape_string_literal
    raise ValueError("Not a string literal: %r" % s)
ValueError: Not a string literal: 'item._id'

During handling of the above exception, another exception occurred:

Traceback (most recent call last):
  File "E:\pythonProject\djangoGB\env\lib\site-packages\django\core\handlers\exception.py", line 55, in inner
    response = get_response(request)
  File "E:\pythonProject\djangoGB\env\lib\site-packages\django\core\handlers\base.py", line 197, in _get_response
    response = wrapped_callback(request, *callback_args, **callback_kwargs)
  File "E:\pythonProject\djangoGB\store\views.py", line 11, in index
    return render(request, 'index.html')
  File "E:\pythonProject\djangoGB\env\lib\site-packages\django\shortcuts.py", line 24, in render
    content = loader.render_to_string(template_name, context, request, using=using)
  File "E:\pythonProject\djangoGB\env\lib\site-packages\django\template\loader.py", line 61, in render_to_string
    template = get_template(template_name, using=using)
  File "E:\pythonProject\djangoGB\env\lib\site-packages\django\template\loader.py", line 15, in get_template
    return engine.get_template(template_name)
  File "E:\pythonProject\djangoGB\env\lib\site-packages\django\template\backends\django.py", line 33, in get_template
    return Template(self.engine.get_template(template_name), self)
  File "E:\pythonProject\djangoGB\env\lib\site-packages\django\template\engine.py", line 175, in get_template
    template, origin = self.find_template(template_name)
  File "E:\pythonProject\djangoGB\env\lib\site-packages\django\template\engine.py", line 157, in find_template
    template = loader.get_template(name, skip=skip)
  File "E:\pythonProject\djangoGB\env\lib\site-packages\django\template\loaders\cached.py", line 57, in get_template
    template = super().get_template(template_name, skip)
  File "E:\pythonProject\djangoGB\env\lib\site-packages\django\template\loaders\base.py", line 28, in get_template
    return Template(
  File "E:\pythonProject\djangoGB\env\lib\site-packages\django\template\base.py", line 154, in __init__
    self.nodelist = self.compile_nodelist()
  File "E:\pythonProject\djangoGB\env\lib\site-packages\django\template\base.py", line 200, in compile_nodelist
    return parser.parse()
  File "E:\pythonProject\djangoGB\env\lib\site-packages\django\template\base.py", line 513, in parse
    raise self.error(token, e)
  File "E:\pythonProject\djangoGB\env\lib\site-packages\django\template\base.py", line 511, in parse
    compiled_result = compile_func(self, token)
  File "E:\pythonProject\djangoGB\env\lib\site-packages\django\template\loader_tags.py", line 293, in do_extends
    nodelist = parser.parse()
  File "E:\pythonProject\djangoGB\env\lib\site-packages\django\template\base.py", line 513, in parse
    raise self.error(token, e)
  File "E:\pythonProject\djangoGB\env\lib\site-packages\django\template\base.py", line 511, in parse
    compiled_result = compile_func(self, token)
  File "E:\pythonProject\djangoGB\env\lib\site-packages\django\template\loader_tags.py", line 232, in do_block
    nodelist = parser.parse(("endblock",))
  File "E:\pythonProject\djangoGB\env\lib\site-packages\django\template\base.py", line 513, in parse
    raise self.error(token, e)
  File "E:\pythonProject\djangoGB\env\lib\site-packages\django\template\base.py", line 511, in parse
    compiled_result = compile_func(self, token)
  File "E:\pythonProject\djangoGB\env\lib\site-packages\django\template\defaulttags.py", line 853, in do_for
    nodelist_loop = parser.parse(
  File "E:\pythonProject\djangoGB\env\lib\site-packages\django\template\base.py", line 484, in parse
    raise self.error(token, e)
  File "E:\pythonProject\djangoGB\env\lib\site-packages\django\template\base.py", line 482, in parse
    filter_expression = self.compile_filter(token.contents)
  File "E:\pythonProject\djangoGB\env\lib\site-packages\django\template\base.py", line 600, in compile_filter
    return FilterExpression(token, self)
  File "E:\pythonProject\djangoGB\env\lib\site-packages\django\template\base.py", line 689, in __init__
    var_obj = Variable(var)
  File "E:\pythonProject\djangoGB\env\lib\site-packages\django\template\base.py", line 837, in __init__
    raise TemplateSyntaxError(
django.template.exceptions.TemplateSyntaxError: Variables and attributes may not begin with underscores: 'item._id'
ERROR 2023-09-26 20:07:39,636 basehttp 10168 9292 "GET / HTTP/1.1" 500 220176
WARNING 2023-09-26 20:07:39,906 log 10168 9292 Not Found: /favicon.ico
WARNING 2023-09-26 20:07:39,906 basehttp 10168 9292 "GET /favicon.ico HTTP/1.1" 404 2440
INFO 2023-09-26 20:08:37,924 views 10168 9292 Index page accessed
ERROR 2023-09-26 20:08:37,963 log 10168 9292 Internal Server Error: /
Traceback (most recent call last):
  File "E:\pythonProject\djangoGB\env\lib\site-packages\django\core\handlers\exception.py", line 55, in inner
    response = get_response(request)
  File "E:\pythonProject\djangoGB\env\lib\site-packages\django\core\handlers\base.py", line 197, in _get_response
    response = wrapped_callback(request, *callback_args, **callback_kwargs)
  File "E:\pythonProject\djangoGB\store\views.py", line 11, in index
    return render(request, 'index.html')
  File "E:\pythonProject\djangoGB\env\lib\site-packages\django\shortcuts.py", line 24, in render
    content = loader.render_to_string(template_name, context, request, using=using)
  File "E:\pythonProject\djangoGB\env\lib\site-packages\django\template\loader.py", line 62, in render_to_string
    return template.render(context, request)
  File "E:\pythonProject\djangoGB\env\lib\site-packages\django\template\backends\django.py", line 61, in render
    return self.template.render(context)
  File "E:\pythonProject\djangoGB\env\lib\site-packages\django\template\base.py", line 175, in render
    return self._render(context)
  File "E:\pythonProject\djangoGB\env\lib\site-packages\django\template\base.py", line 167, in _render
    return self.nodelist.render(context)
  File "E:\pythonProject\djangoGB\env\lib\site-packages\django\template\base.py", line 1005, in render
    return SafeString("".join([node.render_annotated(context) for node in self]))
  File "E:\pythonProject\djangoGB\env\lib\site-packages\django\template\base.py", line 1005, in <listcomp>
    return SafeString("".join([node.render_annotated(context) for node in self]))
  File "E:\pythonProject\djangoGB\env\lib\site-packages\django\template\base.py", line 966, in render_annotated
    return self.render(context)
  File "E:\pythonProject\djangoGB\env\lib\site-packages\django\template\loader_tags.py", line 132, in render
    compiled_parent = self.get_parent(context)
  File "E:\pythonProject\djangoGB\env\lib\site-packages\django\template\loader_tags.py", line 129, in get_parent
    return self.find_template(parent, context)
  File "E:\pythonProject\djangoGB\env\lib\site-packages\django\template\loader_tags.py", line 107, in find_template
    template, origin = context.template.engine.find_template(
  File "E:\pythonProject\djangoGB\env\lib\site-packages\django\template\engine.py", line 157, in find_template
    template = loader.get_template(name, skip=skip)
  File "E:\pythonProject\djangoGB\env\lib\site-packages\django\template\loaders\cached.py", line 57, in get_template
    template = super().get_template(template_name, skip)
  File "E:\pythonProject\djangoGB\env\lib\site-packages\django\template\loaders\base.py", line 28, in get_template
    return Template(
  File "E:\pythonProject\djangoGB\env\lib\site-packages\django\template\base.py", line 154, in __init__
    self.nodelist = self.compile_nodelist()
  File "E:\pythonProject\djangoGB\env\lib\site-packages\django\template\base.py", line 200, in compile_nodelist
    return parser.parse()
  File "E:\pythonProject\djangoGB\env\lib\site-packages\django\template\base.py", line 513, in parse
    raise self.error(token, e)
  File "E:\pythonProject\djangoGB\env\lib\site-packages\django\template\base.py", line 511, in parse
    compiled_result = compile_func(self, token)
  File "E:\pythonProject\djangoGB\env\lib\site-packages\django\template\loader_tags.py", line 232, in do_block
    nodelist = parser.parse(("endblock",))
  File "E:\pythonProject\djangoGB\env\lib\site-packages\django\template\base.py", line 484, in parse
    raise self.error(token, e)
  File "E:\pythonProject\djangoGB\env\lib\site-packages\django\template\base.py", line 482, in parse
    filter_expression = self.compile_filter(token.contents)
  File "E:\pythonProject\djangoGB\env\lib\site-packages\django\template\base.py", line 600, in compile_filter
    return FilterExpression(token, self)
  File "E:\pythonProject\djangoGB\env\lib\site-packages\django\template\base.py", line 703, in __init__
    raise TemplateSyntaxError(
django.template.exceptions.TemplateSyntaxError: Could not parse the remainder: '('index')' from 'url_for('index')'
ERROR 2023-09-26 20:08:37,966 basehttp 10168 9292 "GET / HTTP/1.1" 500 201744
INFO 2023-09-26 20:09:15,595 views 10168 9292 Index page accessed
INFO 2023-09-26 20:09:15,596 basehttp 10168 9292 "GET / HTTP/1.1" 200 4010
INFO 2023-09-26 20:09:17,784 views 10168 9292 Index page accessed
INFO 2023-09-26 20:09:17,785 basehttp 10168 9292 "GET / HTTP/1.1" 200 4010
INFO 2023-09-26 20:09:18,677 views 10168 9292 Index page accessed
INFO 2023-09-26 20:09:18,678 basehttp 10168 9292 "GET / HTTP/1.1" 200 4010
INFO 2023-09-26 20:09:19,326 views 10168 9292 Index page accessed
INFO 2023-09-26 20:09:19,326 basehttp 10168 9292 "GET / HTTP/1.1" 200 4010
INFO 2023-09-26 20:15:16,405 autoreload 10168 9240 E:\pythonProject\djangoGB\store\views.py changed, reloading.
INFO 2023-09-26 20:15:16,925 autoreload 18788 14648 Watching for file changes with StatReloader
INFO 2023-09-26 20:16:22,787 views 18788 11436 Index page accessed
INFO 2023-09-26 20:16:22,791 basehttp 18788 11436 "GET / HTTP/1.1" 200 4010
INFO 2023-09-26 20:16:24,138 views 18788 11436 Index page accessed
INFO 2023-09-26 20:16:24,138 basehttp 18788 11436 "GET / HTTP/1.1" 200 4010
DEBUG 2023-09-26 20:16:27,122 views 18788 11436 About page accessed
INFO 2023-09-26 20:16:27,123 basehttp 18788 11436 "GET /about/ HTTP/1.1" 200 2920
DEBUG 2023-09-26 20:16:33,489 views 18788 11436 About page accessed
INFO 2023-09-26 20:16:33,489 basehttp 18788 11436 "GET /about/ HTTP/1.1" 200 2920
DEBUG 2023-09-26 20:16:34,328 views 18788 11436 About page accessed
INFO 2023-09-26 20:16:34,329 basehttp 18788 11436 "GET /about/ HTTP/1.1" 200 2924
DEBUG 2023-09-26 20:16:38,075 views 18788 11436 About page accessed
INFO 2023-09-26 20:16:38,077 basehttp 18788 11436 "GET /about/ HTTP/1.1" 200 2924
DEBUG 2023-09-26 20:17:03,424 views 18788 11436 About page accessed
INFO 2023-09-26 20:17:03,425 basehttp 18788 11436 "GET /about/ HTTP/1.1" 200 2966
DEBUG 2023-09-26 20:17:33,703 views 18788 11436 About page accessed
INFO 2023-09-26 20:17:33,704 basehttp 18788 11436 "GET /about/ HTTP/1.1" 200 2966
DEBUG 2023-09-26 20:17:34,408 views 18788 11436 About page accessed
INFO 2023-09-26 20:17:34,409 basehttp 18788 11436 "GET /about/ HTTP/1.1" 200 3010
DEBUG 2023-09-26 20:17:38,738 views 18788 11436 About page accessed
INFO 2023-09-26 20:17:38,740 basehttp 18788 11436 "GET /about/ HTTP/1.1" 200 3010
DEBUG 2023-09-26 20:17:39,451 views 18788 11436 About page accessed
INFO 2023-09-26 20:17:39,452 basehttp 18788 11436 "GET /about/ HTTP/1.1" 200 3010
DEBUG 2023-09-26 20:17:48,534 views 18788 11436 About page accessed
INFO 2023-09-26 20:17:48,535 basehttp 18788 11436 "GET /about/ HTTP/1.1" 200 3010
DEBUG 2023-09-26 20:18:16,336 views 18788 11436 About page accessed
INFO 2023-09-26 20:18:16,339 basehttp 18788 11436 "GET /about/ HTTP/1.1" 200 2972
DEBUG 2023-09-26 20:18:18,999 views 18788 11436 About page accessed
INFO 2023-09-26 20:18:19,001 basehttp 18788 11436 "GET /about/ HTTP/1.1" 200 2976
DEBUG 2023-09-26 20:19:01,923 views 18788 11436 About page accessed
INFO 2023-09-26 20:19:01,924 basehttp 18788 11436 "GET /about/ HTTP/1.1" 200 2976
DEBUG 2023-09-26 20:19:02,562 views 18788 11436 About page accessed
INFO 2023-09-26 20:19:02,563 basehttp 18788 11436 "GET /about/ HTTP/1.1" 200 2976
DEBUG 2023-09-26 20:19:22,680 views 18788 11436 About page accessed
INFO 2023-09-26 20:19:22,682 basehttp 18788 11436 "GET /about/ HTTP/1.1" 200 3016
DEBUG 2023-09-26 20:19:26,006 views 18788 11436 About page accessed
INFO 2023-09-26 20:19:26,008 basehttp 18788 11436 "GET /about/ HTTP/1.1" 200 3016
DEBUG 2023-09-26 20:19:36,981 views 18788 11436 About page accessed
INFO 2023-09-26 20:19:36,983 basehttp 18788 11436 "GET /about/ HTTP/1.1" 200 3016
DEBUG 2023-09-26 20:19:40,790 views 18788 11436 About page accessed
INFO 2023-09-26 20:19:40,791 basehttp 18788 11436 "GET /about/ HTTP/1.1" 200 3016
DEBUG 2023-09-26 20:20:02,975 views 18788 11436 About page accessed
INFO 2023-09-26 20:20:02,976 basehttp 18788 11436 "GET /about/ HTTP/1.1" 200 3025
DEBUG 2023-09-26 20:20:07,948 views 18788 11436 About page accessed
INFO 2023-09-26 20:20:07,954 basehttp 18788 11436 "GET /about/ HTTP/1.1" 200 2985
DEBUG 2023-09-26 20:20:20,103 views 18788 11436 About page accessed
INFO 2023-09-26 20:20:20,105 basehttp 18788 11436 "GET /about/ HTTP/1.1" 200 2985
DEBUG 2023-09-26 20:20:32,768 views 18788 11436 About page accessed
INFO 2023-09-26 20:20:32,769 basehttp 18788 11436 "GET /about/ HTTP/1.1" 200 2976
DEBUG 2023-09-26 20:20:40,033 views 18788 11436 About page accessed
INFO 2023-09-26 20:20:40,034 basehttp 18788 11436 "GET /about/ HTTP/1.1" 200 2981
DEBUG 2023-09-26 20:20:48,438 views 18788 11436 About page accessed
INFO 2023-09-26 20:20:48,439 basehttp 18788 11436 "GET /about/ HTTP/1.1" 200 2986
DEBUG 2023-09-26 20:21:19,051 views 18788 11436 About page accessed
INFO 2023-09-26 20:21:19,052 basehttp 18788 11436 "GET /about/ HTTP/1.1" 200 2986
DEBUG 2023-09-26 20:21:20,017 views 18788 11436 About page accessed
INFO 2023-09-26 20:21:20,017 basehttp 18788 11436 "GET /about/ HTTP/1.1" 200 2986
DEBUG 2023-09-26 20:21:20,935 views 18788 11436 About page accessed
INFO 2023-09-26 20:21:20,936 basehttp 18788 11436 "GET /about/ HTTP/1.1" 200 2986
DEBUG 2023-09-26 20:22:02,968 views 18788 11436 About page accessed
INFO 2023-09-26 20:22:02,969 basehttp 18788 11436 "GET /about/ HTTP/1.1" 200 2996
DEBUG 2023-09-26 20:22:03,735 views 18788 11436 About page accessed
INFO 2023-09-26 20:22:03,736 basehttp 18788 11436 "GET /about/ HTTP/1.1" 200 2996
WARNING 2023-09-26 20:22:05,739 log 18788 11436 Not Found: /about/index.html
WARNING 2023-09-26 20:22:05,739 basehttp 18788 11436 "GET /about/index.html HTTP/1.1" 404 2455
WARNING 2023-09-26 20:23:21,864 log 18788 11436 Not Found: /about/index.html
WARNING 2023-09-26 20:23:21,864 basehttp 18788 11436 "GET /about/index.html HTTP/1.1" 404 2455
WARNING 2023-09-26 20:23:23,407 log 18788 11436 Not Found: /about/index.html
WARNING 2023-09-26 20:23:23,407 basehttp 18788 11436 "GET /about/index.html HTTP/1.1" 404 2455
WARNING 2023-09-26 20:23:42,757 log 18788 11436 Not Found: /about/index.html
WARNING 2023-09-26 20:23:42,757 basehttp 18788 11436 "GET /about/index.html HTTP/1.1" 404 2455
DEBUG 2023-09-26 20:23:45,571 views 18788 11436 About page accessed
INFO 2023-09-26 20:23:45,574 basehttp 18788 11436 "GET /about/ HTTP/1.1" 200 2987
DEBUG 2023-09-26 20:23:46,553 views 18788 11436 About page accessed
INFO 2023-09-26 20:23:46,554 basehttp 18788 11436 "GET /about/ HTTP/1.1" 200 2987
INFO 2023-09-26 20:23:48,920 views 18788 11436 Index page accessed
INFO 2023-09-26 20:23:48,921 basehttp 18788 11436 "GET / HTTP/1.1" 200 4011
INFO 2023-09-26 20:23:50,059 views 18788 11436 Index page accessed
INFO 2023-09-26 20:23:50,060 basehttp 18788 11436 "GET / HTTP/1.1" 200 4011
INFO 2023-09-26 20:23:50,497 views 18788 11436 Index page accessed
INFO 2023-09-26 20:23:50,498 basehttp 18788 11436 "GET / HTTP/1.1" 200 4011
INFO 2023-09-26 20:23:53,562 views 18788 11436 Index page accessed
INFO 2023-09-26 20:23:53,562 basehttp 18788 11436 "GET / HTTP/1.1" 200 4011
INFO 2023-09-26 20:23:54,858 views 18788 11436 Index page accessed
INFO 2023-09-26 20:23:54,859 basehttp 18788 11436 "GET / HTTP/1.1" 200 4011
INFO 2023-09-26 20:23:55,331 views 18788 11436 Index page accessed
INFO 2023-09-26 20:23:55,332 basehttp 18788 11436 "GET / HTTP/1.1" 200 4011
INFO 2023-09-26 20:23:56,262 views 18788 11436 Index page accessed
INFO 2023-09-26 20:23:56,263 basehttp 18788 11436 "GET / HTTP/1.1" 200 4011
INFO 2023-09-26 20:24:19,444 views 18788 11436 Index page accessed
INFO 2023-09-26 20:24:19,446 basehttp 18788 11436 "GET / HTTP/1.1" 200 4019
INFO 2023-09-26 20:24:20,612 views 18788 11436 Index page accessed
INFO 2023-09-26 20:24:20,612 basehttp 18788 11436 "GET / HTTP/1.1" 200 4019
INFO 2023-09-26 20:24:21,162 views 18788 11436 Index page accessed
INFO 2023-09-26 20:24:21,163 basehttp 18788 11436 "GET / HTTP/1.1" 200 4019
DEBUG 2023-09-26 20:24:23,017 views 18788 11436 About page accessed
INFO 2023-09-26 20:24:23,019 basehttp 18788 11436 "GET /about/ HTTP/1.1" 200 2995
DEBUG 2023-09-26 20:24:24,512 views 18788 11436 About page accessed
INFO 2023-09-26 20:24:24,513 basehttp 18788 11436 "GET /about/ HTTP/1.1" 200 2995
INFO 2023-09-26 20:24:25,051 views 18788 11436 Index page accessed
INFO 2023-09-26 20:24:25,052 basehttp 18788 11436 "GET / HTTP/1.1" 200 4019
INFO 2023-09-26 20:24:26,284 views 18788 11436 Index page accessed
INFO 2023-09-26 20:24:26,285 basehttp 18788 11436 "GET / HTTP/1.1" 200 4019
INFO 2023-09-26 20:24:26,882 views 18788 11436 Index page accessed
INFO 2023-09-26 20:24:26,883 basehttp 18788 11436 "GET / HTTP/1.1" 200 4019
INFO 2023-09-26 20:24:49,540 views 18788 11436 Index page accessed
INFO 2023-09-26 20:24:49,541 basehttp 18788 11436 "GET / HTTP/1.1" 200 4027
INFO 2023-09-26 20:24:50,774 views 18788 11436 Index page accessed
INFO 2023-09-26 20:24:50,775 basehttp 18788 11436 "GET / HTTP/1.1" 200 4027
DEBUG 2023-09-26 20:24:51,225 views 18788 11436 About page accessed
INFO 2023-09-26 20:24:51,226 basehttp 18788 11436 "GET /about/ HTTP/1.1" 200 3003
INFO 2023-09-26 20:24:52,199 views 18788 11436 Index page accessed
INFO 2023-09-26 20:24:52,200 basehttp 18788 11436 "GET / HTTP/1.1" 200 4027
INFO 2023-09-26 20:24:52,788 views 18788 11436 Index page accessed
INFO 2023-09-26 20:24:52,789 basehttp 18788 11436 "GET / HTTP/1.1" 200 4027
DEBUG 2023-09-26 20:24:53,427 views 18788 11436 About page accessed
INFO 2023-09-26 20:24:53,428 basehttp 18788 11436 "GET /about/ HTTP/1.1" 200 3003
INFO 2023-09-26 20:24:53,949 views 18788 11436 Index page accessed
INFO 2023-09-26 20:24:53,950 basehttp 18788 11436 "GET / HTTP/1.1" 200 4027
INFO 2023-09-26 20:24:54,784 views 18788 11436 Index page accessed
INFO 2023-09-26 20:24:54,785 basehttp 18788 11436 "GET / HTTP/1.1" 200 4027
DEBUG 2023-09-26 20:24:55,736 views 18788 11436 About page accessed
INFO 2023-09-26 20:24:55,737 basehttp 18788 11436 "GET /about/ HTTP/1.1" 200 3003
INFO 2023-09-26 20:24:56,770 views 18788 11436 Index page accessed
INFO 2023-09-26 20:24:56,771 basehttp 18788 11436 "GET / HTTP/1.1" 200 4027
INFO 2023-09-26 20:25:32,897 views 18788 11436 Index page accessed
INFO 2023-09-26 20:25:32,898 basehttp 18788 11436 "GET / HTTP/1.1" 200 4027
INFO 2023-09-26 20:25:34,223 views 18788 11436 Index page accessed
INFO 2023-09-26 20:25:34,224 basehttp 18788 11436 "GET / HTTP/1.1" 200 4027
INFO 2023-09-26 20:25:35,341 views 18788 11436 Index page accessed
INFO 2023-09-26 20:25:35,342 basehttp 18788 11436 "GET / HTTP/1.1" 200 4027
INFO 2023-09-26 20:25:35,740 views 18788 11436 Index page accessed
INFO 2023-09-26 20:25:35,741 basehttp 18788 11436 "GET / HTTP/1.1" 200 4027
INFO 2023-09-26 20:25:36,056 views 18788 11436 Index page accessed
INFO 2023-09-26 20:25:36,057 basehttp 18788 11436 "GET / HTTP/1.1" 200 4027
INFO 2023-09-26 20:25:36,343 views 18788 11436 Index page accessed
INFO 2023-09-26 20:25:36,344 basehttp 18788 11436 "GET / HTTP/1.1" 200 4027
INFO 2023-09-26 20:25:37,040 views 18788 11436 Index page accessed
INFO 2023-09-26 20:25:37,041 basehttp 18788 11436 "GET / HTTP/1.1" 200 4027
INFO 2023-09-26 20:27:20,950 views 18788 11436 Index page accessed
INFO 2023-09-26 20:27:20,951 basehttp 18788 11436 "GET / HTTP/1.1" 200 4027
INFO 2023-09-26 20:27:21,380 views 18788 11436 Index page accessed
INFO 2023-09-26 20:27:21,381 basehttp 18788 11436 "GET / HTTP/1.1" 200 4027
INFO 2023-09-26 20:31:45,132 autoreload 18788 14648 E:\pythonProject\djangoGB\store\models.py changed, reloading.
INFO 2023-09-26 20:31:45,666 autoreload 1036 8416 Watching for file changes with StatReloader
INFO 2023-09-26 20:32:32,889 autoreload 1036 8416 E:\pythonProject\djangoGB\store\models.py changed, reloading.
INFO 2023-09-26 20:32:33,352 autoreload 13508 19304 Watching for file changes with StatReloader
INFO 2023-09-26 20:32:41,923 autoreload 13508 19304 E:\pythonProject\djangoGB\store\models.py changed, reloading.
INFO 2023-09-26 20:32:42,426 autoreload 15108 17220 Watching for file changes with StatReloader
INFO 2023-09-26 20:33:01,607 autoreload 15108 17220 E:\pythonProject\djangoGB\store\models.py changed, reloading.
INFO 2023-09-26 20:33:02,094 autoreload 18684 12956 Watching for file changes with StatReloader
INFO 2023-09-26 20:34:44,713 autoreload 18684 12956 E:\pythonProject\djangoGB\store\models.py changed, reloading.
INFO 2023-09-26 20:34:45,180 autoreload 1420 9344 Watching for file changes with StatReloader
INFO 2023-09-26 20:35:13,370 autoreload 1420 9344 E:\pythonProject\djangoGB\store\models.py changed, reloading.
INFO 2023-09-26 20:35:13,848 autoreload 19372 14804 Watching for file changes with StatReloader
INFO 2023-09-26 20:36:04,891 autoreload 19372 14804 E:\pythonProject\djangoGB\store\models.py changed, reloading.
INFO 2023-09-26 20:36:05,400 autoreload 14976 18604 Watching for file changes with StatReloader
INFO 2023-09-26 20:37:23,010 autoreload 14976 18604 E:\pythonProject\djangoGB\store\models.py changed, reloading.
INFO 2023-09-26 20:37:23,533 autoreload 1508 7712 Watching for file changes with StatReloader
INFO 2023-09-26 20:37:38,318 autoreload 1508 7712 E:\pythonProject\djangoGB\store\models.py changed, reloading.
INFO 2023-09-26 20:37:38,798 autoreload 17452 15964 Watching for file changes with StatReloader
INFO 2023-09-26 20:38:02,931 autoreload 17452 15964 E:\pythonProject\djangoGB\store\models.py changed, reloading.
INFO 2023-09-26 20:38:03,415 autoreload 5656 10688 Watching for file changes with StatReloader
INFO 2023-09-26 20:41:18,398 autoreload 5656 10688 E:\pythonProject\djangoGB\store\models.py changed, reloading.
INFO 2023-09-26 20:41:18,892 autoreload 19160 19396 Watching for file changes with StatReloader
INFO 2023-09-26 20:43:10,506 autoreload 19160 19396 E:\pythonProject\djangoGB\store\models.py changed, reloading.
INFO 2023-09-26 20:43:10,964 autoreload 1480 16624 Watching for file changes with StatReloader
INFO 2023-09-26 20:43:35,234 autoreload 1480 16624 E:\pythonProject\djangoGB\store\models.py changed, reloading.
INFO 2023-09-26 20:43:35,710 autoreload 18600 3232 Watching for file changes with StatReloader
INFO 2023-09-26 20:43:54,718 autoreload 18600 3232 E:\pythonProject\djangoGB\store\models.py changed, reloading.
INFO 2023-09-26 20:43:55,177 autoreload 14820 11576 Watching for file changes with StatReloader
INFO 2023-09-26 20:44:43,318 autoreload 14820 11576 E:\pythonProject\djangoGB\store\models.py changed, reloading.
INFO 2023-09-26 20:44:43,788 autoreload 12832 16716 Watching for file changes with StatReloader
INFO 2023-09-26 20:59:11,134 autoreload 12832 16716 E:\pythonProject\djangoGB\store\models.py changed, reloading.
INFO 2023-09-26 20:59:11,576 autoreload 19372 19148 Watching for file changes with StatReloader
INFO 2023-09-26 21:00:49,166 autoreload 19372 19148 E:\pythonProject\djangoGB\store\models.py changed, reloading.
INFO 2023-09-26 21:00:49,633 autoreload 19392 9068 Watching for file changes with StatReloader
INFO 2023-09-26 21:02:21,832 autoreload 19392 9068 E:\pythonProject\djangoGB\store\models.py changed, reloading.
INFO 2023-09-26 21:02:22,287 autoreload 412 11136 Watching for file changes with StatReloader
INFO 2023-09-26 21:02:45,282 autoreload 412 11136 E:\pythonProject\djangoGB\store\models.py changed, reloading.
INFO 2023-09-26 21:02:45,714 autoreload 16364 12696 Watching for file changes with StatReloader
INFO 2023-09-26 21:03:03,579 autoreload 16364 12696 E:\pythonProject\djangoGB\store\models.py changed, reloading.
INFO 2023-09-26 21:03:04,024 autoreload 7380 13628 Watching for file changes with StatReloader
INFO 2023-09-26 21:03:42,557 autoreload 7380 13628 E:\pythonProject\djangoGB\store\models.py changed, reloading.
INFO 2023-09-26 21:03:43,043 autoreload 6624 8900 Watching for file changes with StatReloader
INFO 2023-09-26 21:05:01,828 autoreload 6624 8900 E:\pythonProject\djangoGB\store\models.py changed, reloading.
INFO 2023-09-26 21:05:02,286 autoreload 7548 1560 Watching for file changes with StatReloader
INFO 2023-09-26 21:05:56,326 autoreload 7548 1560 E:\pythonProject\djangoGB\store\models.py changed, reloading.
INFO 2023-09-26 21:05:56,779 autoreload 8140 16596 Watching for file changes with StatReloader
INFO 2023-09-26 21:07:12,457 autoreload 8140 16596 E:\pythonProject\djangoGB\store\models.py changed, reloading.
INFO 2023-09-26 21:07:12,899 autoreload 7112 12232 Watching for file changes with StatReloader
INFO 2023-09-26 21:08:02,894 autoreload 7112 12232 E:\pythonProject\djangoGB\store\models.py changed, reloading.
INFO 2023-09-26 21:08:03,367 autoreload 14896 15572 Watching for file changes with StatReloader
INFO 2023-09-26 21:08:10,885 autoreload 14896 15572 E:\pythonProject\djangoGB\store\models.py changed, reloading.
INFO 2023-09-26 21:08:11,331 autoreload 6440 13572 Watching for file changes with StatReloader
INFO 2023-09-26 21:08:25,030 autoreload 6440 13572 E:\pythonProject\djangoGB\store\models.py changed, reloading.
INFO 2023-09-26 21:08:25,497 autoreload 15348 15668 Watching for file changes with StatReloader
INFO 2023-09-26 21:09:40,917 autoreload 15348 15668 E:\pythonProject\djangoGB\store\models.py changed, reloading.
INFO 2023-09-26 21:09:41,382 autoreload 6304 16988 Watching for file changes with StatReloader
INFO 2023-09-26 21:10:21,308 autoreload 6304 16988 E:\pythonProject\djangoGB\store\models.py changed, reloading.
INFO 2023-09-26 21:10:21,827 autoreload 10912 19112 Watching for file changes with StatReloader
INFO 2023-09-26 21:10:25,914 views 10912 17884 Index page accessed
INFO 2023-09-26 21:10:25,920 basehttp 10912 17884 "GET / HTTP/1.1" 200 4027
WARNING 2023-09-26 21:10:27,158 log 10912 17884 Forbidden (CSRF cookie not set.): /
WARNING 2023-09-26 21:10:27,158 basehttp 10912 17884 "POST / HTTP/1.1" 403 3346
INFO 2023-09-26 21:10:28,798 views 10912 17884 Index page accessed
INFO 2023-09-26 21:10:28,799 basehttp 10912 17884 "GET / HTTP/1.1" 200 4027
INFO 2023-09-26 21:10:29,830 views 10912 17884 Index page accessed
INFO 2023-09-26 21:10:29,831 basehttp 10912 17884 "GET / HTTP/1.1" 200 4027
INFO 2023-09-26 21:10:30,221 views 10912 17884 Index page accessed
INFO 2023-09-26 21:10:30,222 basehttp 10912 17884 "GET / HTTP/1.1" 200 4027
INFO 2023-09-26 21:10:31,336 views 10912 17884 Index page accessed
INFO 2023-09-26 21:10:31,338 basehttp 10912 17884 "GET / HTTP/1.1" 200 4027
DEBUG 2023-09-26 21:10:32,298 views 10912 17884 About page accessed
INFO 2023-09-26 21:10:32,300 basehttp 10912 17884 "GET /about/ HTTP/1.1" 200 3003
DEBUG 2023-09-26 21:10:33,087 views 10912 17884 About page accessed
INFO 2023-09-26 21:10:33,089 basehttp 10912 17884 "GET /about/ HTTP/1.1" 200 3003
INFO 2023-09-26 21:10:33,649 views 10912 17884 Index page accessed
INFO 2023-09-26 21:10:33,650 basehttp 10912 17884 "GET / HTTP/1.1" 200 4027
DEBUG 2023-09-26 21:10:34,901 views 10912 17884 About page accessed
INFO 2023-09-26 21:10:34,902 basehttp 10912 17884 "GET /about/ HTTP/1.1" 200 3003
INFO 2023-09-26 21:10:37,520 views 10912 17884 Index page accessed
INFO 2023-09-26 21:10:37,520 basehttp 10912 17884 "GET / HTTP/1.1" 200 4027
INFO 2023-09-26 21:10:39,085 views 10912 17884 Index page accessed
INFO 2023-09-26 21:10:39,085 basehttp 10912 17884 "GET / HTTP/1.1" 200 4027
INFO 2023-09-26 21:12:15,889 autoreload 10912 19112 E:\pythonProject\djangoGB\store\views.py changed, reloading.
INFO 2023-09-26 21:12:16,361 autoreload 15564 17592 Watching for file changes with StatReloader
INFO 2023-09-26 21:13:20,283 views 15564 6720 Index page accessed
ERROR 2023-09-26 21:13:20,331 log 15564 6720 Internal Server Error: /
Traceback (most recent call last):
  File "E:\pythonProject\djangoGB\env\lib\site-packages\django\core\handlers\exception.py", line 55, in inner
    response = get_response(request)
  File "E:\pythonProject\djangoGB\env\lib\site-packages\django\core\handlers\base.py", line 197, in _get_response
    response = wrapped_callback(request, *callback_args, **callback_kwargs)
  File "E:\pythonProject\djangoGB\store\views.py", line 10, in index
    return render(request, 'index.html')
  File "E:\pythonProject\djangoGB\env\lib\site-packages\django\shortcuts.py", line 24, in render
    content = loader.render_to_string(template_name, context, request, using=using)
  File "E:\pythonProject\djangoGB\env\lib\site-packages\django\template\loader.py", line 62, in render_to_string
    return template.render(context, request)
  File "E:\pythonProject\djangoGB\env\lib\site-packages\django\template\backends\django.py", line 61, in render
    return self.template.render(context)
  File "E:\pythonProject\djangoGB\env\lib\site-packages\django\template\base.py", line 175, in render
    return self._render(context)
  File "E:\pythonProject\djangoGB\env\lib\site-packages\django\template\base.py", line 167, in _render
    return self.nodelist.render(context)
  File "E:\pythonProject\djangoGB\env\lib\site-packages\django\template\base.py", line 1005, in render
    return SafeString("".join([node.render_annotated(context) for node in self]))
  File "E:\pythonProject\djangoGB\env\lib\site-packages\django\template\base.py", line 1005, in <listcomp>
    return SafeString("".join([node.render_annotated(context) for node in self]))
  File "E:\pythonProject\djangoGB\env\lib\site-packages\django\template\base.py", line 966, in render_annotated
    return self.render(context)
  File "E:\pythonProject\djangoGB\env\lib\site-packages\django\template\loader_tags.py", line 157, in render
    return compiled_parent._render(context)
  File "E:\pythonProject\djangoGB\env\lib\site-packages\django\template\base.py", line 167, in _render
    return self.nodelist.render(context)
  File "E:\pythonProject\djangoGB\env\lib\site-packages\django\template\base.py", line 1005, in render
    return SafeString("".join([node.render_annotated(context) for node in self]))
  File "E:\pythonProject\djangoGB\env\lib\site-packages\django\template\base.py", line 1005, in <listcomp>
    return SafeString("".join([node.render_annotated(context) for node in self]))
  File "E:\pythonProject\djangoGB\env\lib\site-packages\django\template\base.py", line 966, in render_annotated
    return self.render(context)
  File "E:\pythonProject\djangoGB\env\lib\site-packages\django\template\loader_tags.py", line 63, in render
    result = block.nodelist.render(context)
  File "E:\pythonProject\djangoGB\env\lib\site-packages\django\template\base.py", line 1005, in render
    return SafeString("".join([node.render_annotated(context) for node in self]))
  File "E:\pythonProject\djangoGB\env\lib\site-packages\django\template\base.py", line 1005, in <listcomp>
    return SafeString("".join([node.render_annotated(context) for node in self]))
  File "E:\pythonProject\djangoGB\env\lib\site-packages\django\template\base.py", line 966, in render_annotated
    return self.render(context)
  File "E:\pythonProject\djangoGB\env\lib\site-packages\django\template\defaulttags.py", line 471, in render
    url = reverse(view_name, args=args, kwargs=kwargs, current_app=current_app)
  File "E:\pythonProject\djangoGB\env\lib\site-packages\django\urls\base.py", line 88, in reverse
    return resolver._reverse_with_prefix(view, prefix, *args, **kwargs)
  File "E:\pythonProject\djangoGB\env\lib\site-packages\django\urls\resolvers.py", line 828, in _reverse_with_prefix
    raise NoReverseMatch(msg)
django.urls.exceptions.NoReverseMatch: Reverse for 'info' not found. 'info' is not a valid view function or pattern name.
ERROR 2023-09-26 21:13:20,336 basehttp 15564 6720 "GET / HTTP/1.1" 500 169111
INFO 2023-09-26 21:13:21,824 views 15564 6720 Index page accessed
ERROR 2023-09-26 21:13:21,853 log 15564 6720 Internal Server Error: /
Traceback (most recent call last):
  File "E:\pythonProject\djangoGB\env\lib\site-packages\django\core\handlers\exception.py", line 55, in inner
    response = get_response(request)
  File "E:\pythonProject\djangoGB\env\lib\site-packages\django\core\handlers\base.py", line 197, in _get_response
    response = wrapped_callback(request, *callback_args, **callback_kwargs)
  File "E:\pythonProject\djangoGB\store\views.py", line 10, in index
    return render(request, 'index.html')
  File "E:\pythonProject\djangoGB\env\lib\site-packages\django\shortcuts.py", line 24, in render
    content = loader.render_to_string(template_name, context, request, using=using)
  File "E:\pythonProject\djangoGB\env\lib\site-packages\django\template\loader.py", line 62, in render_to_string
    return template.render(context, request)
  File "E:\pythonProject\djangoGB\env\lib\site-packages\django\template\backends\django.py", line 61, in render
    return self.template.render(context)
  File "E:\pythonProject\djangoGB\env\lib\site-packages\django\template\base.py", line 175, in render
    return self._render(context)
  File "E:\pythonProject\djangoGB\env\lib\site-packages\django\template\base.py", line 167, in _render
    return self.nodelist.render(context)
  File "E:\pythonProject\djangoGB\env\lib\site-packages\django\template\base.py", line 1005, in render
    return SafeString("".join([node.render_annotated(context) for node in self]))
  File "E:\pythonProject\djangoGB\env\lib\site-packages\django\template\base.py", line 1005, in <listcomp>
    return SafeString("".join([node.render_annotated(context) for node in self]))
  File "E:\pythonProject\djangoGB\env\lib\site-packages\django\template\base.py", line 966, in render_annotated
    return self.render(context)
  File "E:\pythonProject\djangoGB\env\lib\site-packages\django\template\loader_tags.py", line 157, in render
    return compiled_parent._render(context)
  File "E:\pythonProject\djangoGB\env\lib\site-packages\django\template\base.py", line 167, in _render
    return self.nodelist.render(context)
  File "E:\pythonProject\djangoGB\env\lib\site-packages\django\template\base.py", line 1005, in render
    return SafeString("".join([node.render_annotated(context) for node in self]))
  File "E:\pythonProject\djangoGB\env\lib\site-packages\django\template\base.py", line 1005, in <listcomp>
    return SafeString("".join([node.render_annotated(context) for node in self]))
  File "E:\pythonProject\djangoGB\env\lib\site-packages\django\template\base.py", line 966, in render_annotated
    return self.render(context)
  File "E:\pythonProject\djangoGB\env\lib\site-packages\django\template\loader_tags.py", line 63, in render
    result = block.nodelist.render(context)
  File "E:\pythonProject\djangoGB\env\lib\site-packages\django\template\base.py", line 1005, in render
    return SafeString("".join([node.render_annotated(context) for node in self]))
  File "E:\pythonProject\djangoGB\env\lib\site-packages\django\template\base.py", line 1005, in <listcomp>
    return SafeString("".join([node.render_annotated(context) for node in self]))
  File "E:\pythonProject\djangoGB\env\lib\site-packages\django\template\base.py", line 966, in render_annotated
    return self.render(context)
  File "E:\pythonProject\djangoGB\env\lib\site-packages\django\template\defaulttags.py", line 471, in render
    url = reverse(view_name, args=args, kwargs=kwargs, current_app=current_app)
  File "E:\pythonProject\djangoGB\env\lib\site-packages\django\urls\base.py", line 88, in reverse
    return resolver._reverse_with_prefix(view, prefix, *args, **kwargs)
  File "E:\pythonProject\djangoGB\env\lib\site-packages\django\urls\resolvers.py", line 828, in _reverse_with_prefix
    raise NoReverseMatch(msg)
django.urls.exceptions.NoReverseMatch: Reverse for 'info' not found. 'info' is not a valid view function or pattern name.
ERROR 2023-09-26 21:13:21,856 basehttp 15564 6720 "GET / HTTP/1.1" 500 169248
INFO 2023-09-26 21:13:49,619 autoreload 15564 17592 E:\pythonProject\djangoGB\store\urls.py changed, reloading.
INFO 2023-09-26 21:13:50,110 autoreload 12852 11616 Watching for file changes with StatReloader
INFO 2023-09-26 21:13:51,442 views 12852 1908 Index page accessed
INFO 2023-09-26 21:13:51,448 basehttp 12852 1908 "GET / HTTP/1.1" 200 4039
INFO 2023-09-26 21:13:52,470 views 12852 1908 Index page accessed
INFO 2023-09-26 21:13:52,471 basehttp 12852 1908 "GET / HTTP/1.1" 200 4039
INFO 2023-09-26 21:13:52,986 views 12852 1908 Index page accessed
INFO 2023-09-26 21:13:52,987 basehttp 12852 1908 "GET / HTTP/1.1" 200 4039
DEBUG 2023-09-26 21:13:54,433 views 12852 1908 About page accessed
INFO 2023-09-26 21:13:54,435 basehttp 12852 1908 "GET /about/ HTTP/1.1" 200 2990
DEBUG 2023-09-26 21:13:55,918 views 12852 1908 About page accessed
INFO 2023-09-26 21:13:55,918 basehttp 12852 1908 "GET /info/ HTTP/1.1" 200 2990
DEBUG 2023-09-26 21:13:57,103 views 12852 1908 About page accessed
INFO 2023-09-26 21:13:57,105 basehttp 12852 1908 "GET /info/ HTTP/1.1" 200 2990
DEBUG 2023-09-26 21:13:58,090 views 12852 1908 About page accessed
INFO 2023-09-26 21:13:58,091 basehttp 12852 1908 "GET /about/ HTTP/1.1" 200 2990
INFO 2023-09-26 21:14:00,263 views 12852 1908 Index page accessed
INFO 2023-09-26 21:14:00,264 basehttp 12852 1908 "GET / HTTP/1.1" 200 4039
DEBUG 2023-09-26 21:14:02,429 views 12852 1908 About page accessed
INFO 2023-09-26 21:14:02,430 basehttp 12852 1908 "GET /info/ HTTP/1.1" 200 2990
INFO 2023-09-26 21:14:03,800 views 12852 1908 Index page accessed
INFO 2023-09-26 21:14:03,801 basehttp 12852 1908 "GET / HTTP/1.1" 200 4039
INFO 2023-09-26 21:14:04,787 views 12852 1908 Index page accessed
INFO 2023-09-26 21:14:04,788 basehttp 12852 1908 "GET / HTTP/1.1" 200 4039
INFO 2023-09-26 21:14:05,285 views 12852 1908 Index page accessed
INFO 2023-09-26 21:14:05,286 basehttp 12852 1908 "GET / HTTP/1.1" 200 4039
INFO 2023-09-26 21:14:05,724 views 12852 1908 Index page accessed
INFO 2023-09-26 21:14:05,725 basehttp 12852 1908 "GET / HTTP/1.1" 200 4039
DEBUG 2023-09-26 21:14:06,065 views 12852 1908 About page accessed
INFO 2023-09-26 21:14:06,066 basehttp 12852 1908 "GET /about/ HTTP/1.1" 200 2990
INFO 2023-09-26 21:14:07,429 views 12852 1908 Index page accessed
INFO 2023-09-26 21:14:07,430 basehttp 12852 1908 "GET / HTTP/1.1" 200 4039
DEBUG 2023-09-26 21:14:07,975 views 12852 1908 About page accessed
INFO 2023-09-26 21:14:07,976 basehttp 12852 1908 "GET /info/ HTTP/1.1" 200 2990
INFO 2023-09-26 21:14:09,997 views 12852 1908 Index page accessed
INFO 2023-09-26 21:14:09,998 basehttp 12852 1908 "GET / HTTP/1.1" 200 4039
INFO 2023-09-26 21:14:35,045 views 12852 1908 Index page accessed
INFO 2023-09-26 21:14:35,046 basehttp 12852 1908 "GET / HTTP/1.1" 200 4039
DEBUG 2023-09-26 21:14:35,982 views 12852 1908 About page accessed
INFO 2023-09-26 21:14:35,983 basehttp 12852 1908 "GET /info/ HTTP/1.1" 200 2990
INFO 2023-09-26 21:14:38,520 views 12852 1908 Index page accessed
INFO 2023-09-26 21:14:38,521 basehttp 12852 1908 "GET / HTTP/1.1" 200 4039
INFO 2023-09-26 21:14:42,729 autoreload 12852 11616 E:\pythonProject\djangoGB\store\views.py changed, reloading.
INFO 2023-09-26 21:14:43,227 autoreload 8760 17412 Watching for file changes with StatReloader
INFO 2023-09-26 21:14:44,272 views 8760 3464 Index page accessed
INFO 2023-09-26 21:14:44,279 basehttp 8760 3464 "GET / HTTP/1.1" 200 4039
INFO 2023-09-26 21:14:46,274 views 8760 3464 Index page accessed
INFO 2023-09-26 21:14:46,275 basehttp 8760 3464 "GET / HTTP/1.1" 200 4039
INFO 2023-09-26 21:14:46,926 views 8760 3464 Index page accessed
INFO 2023-09-26 21:14:46,927 basehttp 8760 3464 "GET / HTTP/1.1" 200 4039
DEBUG 2023-09-26 21:14:47,351 views 8760 3464 About page accessed
INFO 2023-09-26 21:14:47,353 basehttp 8760 3464 "GET /info/ HTTP/1.1" 200 2990
DEBUG 2023-09-26 21:14:49,249 views 8760 3464 About page accessed
INFO 2023-09-26 21:14:49,250 basehttp 8760 3464 "GET /about/ HTTP/1.1" 200 2990
DEBUG 2023-09-26 21:14:49,966 views 8760 3464 About page accessed
INFO 2023-09-26 21:14:49,967 basehttp 8760 3464 "GET /info/ HTTP/1.1" 200 2990
DEBUG 2023-09-26 21:14:51,230 views 8760 3464 About page accessed
INFO 2023-09-26 21:14:51,231 basehttp 8760 3464 "GET /about/ HTTP/1.1" 200 2990
INFO 2023-09-26 21:15:09,657 autoreload 8760 17412 E:\pythonProject\djangoGB\store\urls.py changed, reloading.
INFO 2023-09-26 21:15:10,136 autoreload 13908 9640 Watching for file changes with StatReloader
INFO 2023-09-26 21:15:10,397 views 13908 16632 Index page accessed
INFO 2023-09-26 21:15:10,403 basehttp 13908 16632 "GET / HTTP/1.1" 200 4039
DEBUG 2023-09-26 21:15:11,356 views 13908 16632 About page accessed
INFO 2023-09-26 21:15:11,357 basehttp 13908 16632 "GET /about/ HTTP/1.1" 200 2990
DEBUG 2023-09-26 21:15:12,520 views 13908 16632 Info page accessed
INFO 2023-09-26 21:15:12,521 basehttp 13908 16632 "GET /info/ HTTP/1.1" 200 2991
DEBUG 2023-09-26 21:15:14,350 views 13908 16632 About page accessed
INFO 2023-09-26 21:15:14,351 basehttp 13908 16632 "GET /about/ HTTP/1.1" 200 2990
DEBUG 2023-09-26 21:15:17,097 views 13908 16632 About page accessed
INFO 2023-09-26 21:15:17,098 basehttp 13908 16632 "GET /about/ HTTP/1.1" 200 2990
DEBUG 2023-09-26 21:15:18,792 views 13908 16632 Info page accessed
INFO 2023-09-26 21:15:18,792 basehttp 13908 16632 "GET /info/ HTTP/1.1" 200 2991
INFO 2023-09-26 21:15:19,534 views 13908 16632 Index page accessed
INFO 2023-09-26 21:15:19,535 basehttp 13908 16632 "GET / HTTP/1.1" 200 4039
INFO 2023-09-26 21:15:20,072 views 13908 16632 Index page accessed
INFO 2023-09-26 21:15:20,073 basehttp 13908 16632 "GET / HTTP/1.1" 200 4039
INFO 2023-09-26 21:15:21,448 views 13908 16632 Index page accessed
INFO 2023-09-26 21:15:21,449 basehttp 13908 16632 "GET / HTTP/1.1" 200 4039
INFO 2023-09-26 21:15:21,958 views 13908 16632 Index page accessed
INFO 2023-09-26 21:15:21,959 basehttp 13908 16632 "GET / HTTP/1.1" 200 4039
INFO 2023-09-26 21:16:07,864 autoreload 13908 9640 E:\pythonProject\djangoGB\store\models.py changed, reloading.
INFO 2023-09-26 21:16:08,348 autoreload 8856 11576 Watching for file changes with StatReloader
INFO 2023-09-26 22:32:31,142 autoreload 9724 8400 Watching for file changes with StatReloader
INFO 2023-09-26 22:32:41,762 autoreload 9724 8400 E:\pythonProject\djangoGB\store\models.py changed, reloading.
INFO 2023-09-26 22:32:42,233 autoreload 6316 6076 Watching for file changes with StatReloader
INFO 2023-09-27 01:28:24,105 autoreload 16512 18560 Watching for file changes with StatReloader
INFO 2023-09-27 01:28:25,160 views 16512 16408 Index page accessed
INFO 2023-09-27 01:28:25,173 basehttp 16512 16408 "GET / HTTP/1.1" 200 5242
INFO 2023-09-27 01:28:28,489 views 16512 16408 Index page accessed
INFO 2023-09-27 01:28:28,492 basehttp 16512 16408 "GET / HTTP/1.1" 200 5242
DEBUG 2023-09-27 01:28:29,811 views 16512 16408 About page accessed
INFO 2023-09-27 01:28:29,812 basehttp 16512 16408 "GET /about/ HTTP/1.1" 200 2990
DEBUG 2023-09-27 01:28:30,709 views 16512 16408 Info page accessed
INFO 2023-09-27 01:28:30,710 basehttp 16512 16408 "GET /info/ HTTP/1.1" 200 2991
INFO 2023-09-27 01:28:31,389 views 16512 16408 Index page accessed
INFO 2023-09-27 01:28:31,391 basehttp 16512 16408 "GET / HTTP/1.1" 200 5242
INFO 2023-09-27 01:28:56,429 views 16512 16408 Index page accessed
INFO 2023-09-27 01:28:56,432 basehttp 16512 16408 "GET / HTTP/1.1" 200 5242
INFO 2023-09-27 01:28:57,070 views 16512 16408 Index page accessed
INFO 2023-09-27 01:28:57,073 basehttp 16512 16408 "GET / HTTP/1.1" 200 5246
INFO 2023-09-27 01:29:01,589 views 16512 16408 Index page accessed
INFO 2023-09-27 01:29:01,591 basehttp 16512 16408 "GET / HTTP/1.1" 200 5246
WARNING 2023-09-27 01:29:01,969 log 16512 16408 Forbidden (CSRF cookie not set.): /
WARNING 2023-09-27 01:29:01,970 basehttp 16512 16408 "POST / HTTP/1.1" 403 3346
INFO 2023-09-27 01:31:07,206 autoreload 6924 8820 Watching for file changes with StatReloader
INFO 2023-09-27 01:31:08,777 views 6924 16688 Index page accessed
INFO 2023-09-27 01:31:08,787 basehttp 6924 16688 "GET / HTTP/1.1" 200 6432
INFO 2023-09-27 02:05:31,002 autoreload 8872 11976 Watching for file changes with StatReloader
INFO 2023-09-27 02:05:32,305 views 8872 15700 Index page accessed
INFO 2023-09-27 02:05:32,321 basehttp 8872 15700 "GET / HTTP/1.1" 200 9984
WARNING 2023-09-27 02:05:32,439 log 8872 15700 Not Found: /favicon.ico
WARNING 2023-09-27 02:05:32,440 basehttp 8872 15700 "GET /favicon.ico HTTP/1.1" 404 2605
INFO 2023-09-27 02:05:39,949 views 8872 15700 Index page accessed
INFO 2023-09-27 02:05:39,952 basehttp 8872 15700 "GET / HTTP/1.1" 200 9984
INFO 2023-09-27 02:05:40,798 views 8872 15700 Index page accessed
INFO 2023-09-27 02:05:40,800 basehttp 8872 15700 "GET / HTTP/1.1" 200 9984
DEBUG 2023-09-27 02:05:42,115 views 8872 15700 About page accessed
INFO 2023-09-27 02:05:42,116 basehttp 8872 15700 "GET /about/ HTTP/1.1" 200 2990
DEBUG 2023-09-27 02:05:43,145 views 8872 15700 Info page accessed
INFO 2023-09-27 02:05:43,146 basehttp 8872 15700 "GET /info/ HTTP/1.1" 200 2991
INFO 2023-09-27 02:05:43,933 views 8872 15700 Index page accessed
INFO 2023-09-27 02:05:43,936 basehttp 8872 15700 "GET / HTTP/1.1" 200 9984
INFO 2023-09-27 02:06:33,881 views 8872 15700 Index page accessed
INFO 2023-09-27 02:06:33,884 basehttp 8872 15700 "GET / HTTP/1.1" 200 9984
INFO 2023-09-27 02:06:56,631 views 8872 15700 Index page accessed
INFO 2023-09-27 02:06:56,635 basehttp 8872 15700 "GET / HTTP/1.1" 200 10020
INFO 2023-09-27 02:07:06,924 views 8872 15700 Index page accessed
INFO 2023-09-27 02:07:06,928 basehttp 8872 15700 "GET / HTTP/1.1" 200 10020
INFO 2023-09-27 02:07:25,600 views 8872 15700 Index page accessed
INFO 2023-09-27 02:07:25,604 basehttp 8872 15700 "GET / HTTP/1.1" 200 10026
INFO 2023-09-27 02:08:19,970 views 8872 15700 Index page accessed
INFO 2023-09-27 02:08:19,973 basehttp 8872 15700 "GET / HTTP/1.1" 200 10068
INFO 2023-09-27 02:09:13,739 views 8872 15700 Index page accessed
INFO 2023-09-27 02:09:13,743 basehttp 8872 15700 "GET / HTTP/1.1" 200 10002
INFO 2023-09-27 02:10:27,643 views 8872 15700 Index page accessed
INFO 2023-09-27 02:10:27,645 basehttp 8872 15700 "GET / HTTP/1.1" 200 10002
INFO 2023-09-27 02:10:28,526 views 8872 15700 Index page accessed
INFO 2023-09-27 02:10:28,529 basehttp 8872 15700 "GET / HTTP/1.1" 200 9960
INFO 2023-09-27 02:11:16,312 views 8872 15700 Index page accessed
INFO 2023-09-27 02:11:16,315 basehttp 8872 15700 "GET / HTTP/1.1" 200 9960
INFO 2023-09-27 02:11:17,560 views 8872 15700 Index page accessed
INFO 2023-09-27 02:11:17,563 basehttp 8872 15700 "GET / HTTP/1.1" 200 9666
INFO 2023-09-27 02:11:27,604 views 8872 15700 Index page accessed
INFO 2023-09-27 02:11:27,607 basehttp 8872 15700 "GET / HTTP/1.1" 200 9666
INFO 2023-09-27 02:11:28,495 views 8872 15700 Index page accessed
INFO 2023-09-27 02:11:28,500 basehttp 8872 15700 "GET / HTTP/1.1" 200 9576
INFO 2023-09-27 02:11:45,768 views 8872 15700 Index page accessed
INFO 2023-09-27 02:11:45,770 basehttp 8872 15700 "GET / HTTP/1.1" 200 9576
INFO 2023-09-27 02:11:46,535 views 8872 15700 Index page accessed
INFO 2023-09-27 02:11:46,539 basehttp 8872 15700 "GET / HTTP/1.1" 200 9744
INFO 2023-09-27 02:14:09,715 autoreload 8872 11976 E:\pythonProject\djangoGB\store\models.py changed, reloading.
INFO 2023-09-27 02:14:10,203 autoreload 6440 868 Watching for file changes with StatReloader
INFO 2023-09-27 02:14:16,312 views 6440 13920 Index page accessed
INFO 2023-09-27 02:14:16,322 basehttp 6440 13920 "GET / HTTP/1.1" 200 9726
DEBUG 2023-09-27 02:14:42,024 views 6440 13920 About page accessed
INFO 2023-09-27 02:14:42,025 basehttp 6440 13920 "GET /about/ HTTP/1.1" 200 2990
DEBUG 2023-09-27 02:14:43,363 views 6440 13920 Info page accessed
INFO 2023-09-27 02:14:43,365 basehttp 6440 13920 "GET /info/ HTTP/1.1" 200 2991
INFO 2023-09-27 02:14:44,066 views 6440 13920 Index page accessed
INFO 2023-09-27 02:14:44,069 basehttp 6440 13920 "GET / HTTP/1.1" 200 9726
INFO 2023-09-27 02:50:12,072 autoreload 7376 7548 Watching for file changes with StatReloader
INFO 2023-09-27 02:50:13,346 views 7376 12348 Index page accessed
INFO 2023-09-27 02:50:13,361 basehttp 7376 12348 "GET / HTTP/1.1" 200 9726
INFO 2023-09-27 02:50:16,040 views 7376 12348 Index page accessed
INFO 2023-09-27 02:50:16,042 basehttp 7376 12348 "GET / HTTP/1.1" 200 9726
DEBUG 2023-09-27 02:50:17,117 views 7376 12348 About page accessed
INFO 2023-09-27 02:50:17,119 basehttp 7376 12348 "GET /about/ HTTP/1.1" 200 2990
DEBUG 2023-09-27 02:50:18,355 views 7376 12348 Info page accessed
INFO 2023-09-27 02:50:18,356 basehttp 7376 12348 "GET /info/ HTTP/1.1" 200 2991
INFO 2023-09-27 02:50:18,890 views 7376 12348 Index page accessed
INFO 2023-09-27 02:50:18,892 basehttp 7376 12348 "GET / HTTP/1.1" 200 9726
INFO 2023-09-27 02:52:51,273 autoreload 7376 7548 E:\pythonProject\djangoGB\store\urls.py changed, reloading.
INFO 2023-09-27 02:52:51,738 autoreload 3688 17892 Watching for file changes with StatReloader
INFO 2023-09-27 02:52:57,028 views 3688 6664 Index page accessed
INFO 2023-09-27 02:52:57,040 basehttp 3688 6664 "GET / HTTP/1.1" 200 9726
INFO 2023-09-27 02:53:00,680 basehttp 3688 6664 "GET /hello HTTP/1.1" 301 0
INFO 2023-09-27 02:53:00,684 basehttp 3688 3172 "GET /hello/ HTTP/1.1" 200 17
INFO 2023-09-27 03:11:33,767 autoreload 3688 17892 E:\pythonProject\djangoGB\store\views.py changed, reloading.
INFO 2023-09-27 03:11:34,300 autoreload 11084 11604 Watching for file changes with StatReloader
INFO 2023-09-27 03:12:23,262 autoreload 11084 11604 E:\pythonProject\djangoGB\store\urls.py changed, reloading.
INFO 2023-09-27 03:12:23,745 autoreload 15924 15860 Watching for file changes with StatReloader
INFO 2023-09-27 03:12:27,047 autoreload 15924 15860 E:\pythonProject\djangoGB\store\urls.py changed, reloading.
INFO 2023-09-27 03:12:27,561 autoreload 16640 15772 Watching for file changes with StatReloader
INFO 2023-09-27 03:13:34,105 autoreload 16640 15772 E:\pythonProject\djangoGB\store\urls.py changed, reloading.
INFO 2023-09-27 03:13:34,580 autoreload 15936 18636 Watching for file changes with StatReloader
WARNING 2023-09-27 03:13:36,698 log 15936 17768 Not Found: /2023
WARNING 2023-09-27 03:13:36,699 basehttp 15936 17768 "GET /2023 HTTP/1.1" 404 3369
INFO 2023-09-27 03:14:35,639 views 15936 17768 Index page accessed
INFO 2023-09-27 03:14:35,648 basehttp 15936 17768 "GET / HTTP/1.1" 200 9726
INFO 2023-09-27 03:14:36,697 views 15936 17768 Index page accessed
INFO 2023-09-27 03:14:36,699 basehttp 15936 17768 "GET / HTTP/1.1" 200 9726
WARNING 2023-09-27 03:14:37,248 log 15936 17768 Forbidden (CSRF cookie not set.): /
WARNING 2023-09-27 03:14:37,249 basehttp 15936 17768 "POST / HTTP/1.1" 403 3346
WARNING 2023-09-27 03:15:07,451 log 15936 17768 Not Found: /2023/
WARNING 2023-09-27 03:15:07,452 basehttp 15936 17768 "GET /2023/ HTTP/1.1" 404 3372
INFO 2023-09-27 03:15:49,012 basehttp 15936 17768 "GET /post/2023/ HTTP/1.1" 200 18
INFO 2023-09-27 03:18:43,195 autoreload 15936 18636 E:\pythonProject\djangoGB\store\views.py changed, reloading.
INFO 2023-09-27 03:18:43,701 autoreload 10188 10940 Watching for file changes with StatReloader
INFO 2023-09-27 03:18:47,481 basehttp 10188 4148 "GET /post/2023/12 HTTP/1.1" 301 0
INFO 2023-09-27 03:18:47,485 basehttp 10188 8340 "GET /post/2023/12/ HTTP/1.1" 200 21
INFO 2023-09-27 03:21:31,150 autoreload 10188 10940 E:\pythonProject\djangoGB\store\views.py changed, reloading.
INFO 2023-09-27 03:21:31,651 autoreload 12756 17980 Watching for file changes with StatReloader
INFO 2023-09-27 03:21:58,136 autoreload 12756 17980 E:\pythonProject\djangoGB\store\views.py changed, reloading.
INFO 2023-09-27 03:21:58,616 autoreload 15708 14580 Watching for file changes with StatReloader
INFO 2023-09-27 03:23:48,902 autoreload 15708 14580 E:\pythonProject\djangoGB\store\views.py changed, reloading.
INFO 2023-09-27 03:23:49,388 autoreload 17628 8120 Watching for file changes with StatReloader
INFO 2023-09-27 03:24:49,672 autoreload 17628 8120 E:\pythonProject\djangoGB\store\views.py changed, reloading.
INFO 2023-09-27 03:24:50,173 autoreload 6392 840 Watching for file changes with StatReloader
INFO 2023-09-27 03:24:54,616 basehttp 6392 16852 "GET /post/2023/12/slug HTTP/1.1" 301 0
INFO 2023-09-27 03:24:54,620 basehttp 6392 12284 "GET /post/2023/12/slug/ HTTP/1.1" 200 358
INFO 2023-09-27 03:25:02,450 basehttp 6392 12284 "GET /post/2023/12/python HTTP/1.1" 301 0
INFO 2023-09-27 03:25:02,456 basehttp 6392 17972 "GET /post/2023/12/python/ HTTP/1.1" 200 360
INFO 2023-09-27 03:25:12,211 views 6392 17972 Index page accessed
INFO 2023-09-27 03:25:12,220 basehttp 6392 17972 "GET / HTTP/1.1" 200 9726
INFO 2023-09-27 03:44:11,405 autoreload 6392 840 E:\pythonProject\djangoGB\store\views.py changed, reloading.
INFO 2023-09-27 03:44:11,932 autoreload 4400 992 Watching for file changes with StatReloader
INFO 2023-09-27 03:44:12,834 views 4400 8832 Index page accessed
INFO 2023-09-27 03:44:12,846 basehttp 4400 8832 "GET / HTTP/1.1" 200 9762
DEBUG 2023-09-27 03:44:15,305 views 4400 8832 About page accessed
INFO 2023-09-27 03:44:15,307 basehttp 4400 8832 "GET /about/ HTTP/1.1" 200 2990
DEBUG 2023-09-27 03:44:16,513 views 4400 8832 Info page accessed
INFO 2023-09-27 03:44:16,515 basehttp 4400 8832 "GET /info/ HTTP/1.1" 200 2991
INFO 2023-09-27 03:44:17,332 views 4400 8832 Index page accessed
INFO 2023-09-27 03:44:17,334 basehttp 4400 8832 "GET / HTTP/1.1" 200 9762
INFO 2023-09-27 03:45:12,882 autoreload 4400 992 E:\pythonProject\djangoGB\store\views.py changed, reloading.
INFO 2023-09-27 03:45:13,396 autoreload 18336 13776 Watching for file changes with StatReloader
INFO 2023-09-27 03:45:14,423 views 18336 6060 Index page accessed
ERROR 2023-09-27 03:45:14,481 log 18336 6060 Internal Server Error: /
Traceback (most recent call last):
  File "E:\pythonProject\djangoGB\env\lib\site-packages\django\core\handlers\exception.py", line 55, in inner
    response = get_response(request)
  File "E:\pythonProject\djangoGB\env\lib\site-packages\django\core\handlers\base.py", line 197, in _get_response
    response = wrapped_callback(request, *callback_args, **callback_kwargs)
  File "E:\pythonProject\djangoGB\store\views.py", line 21, in index
    return render(request, 'store/index.html', context)
  File "E:\pythonProject\djangoGB\env\lib\site-packages\django\shortcuts.py", line 24, in render
    content = loader.render_to_string(template_name, context, request, using=using)
  File "E:\pythonProject\djangoGB\env\lib\site-packages\django\template\loader.py", line 62, in render_to_string
    return template.render(context, request)
  File "E:\pythonProject\djangoGB\env\lib\site-packages\django\template\backends\django.py", line 57, in render
    context = make_context(
  File "E:\pythonProject\djangoGB\env\lib\site-packages\django\template\context.py", line 278, in make_context
    raise TypeError(
TypeError: context must be a dict rather than QuerySet.
ERROR 2023-09-27 03:45:14,483 basehttp 18336 6060 "GET / HTTP/1.1" 500 88687
INFO 2023-09-27 03:45:46,025 views 18336 6060 Index page accessed
ERROR 2023-09-27 03:45:46,049 log 18336 6060 Internal Server Error: /
Traceback (most recent call last):
  File "E:\pythonProject\djangoGB\env\lib\site-packages\django\core\handlers\exception.py", line 55, in inner
    response = get_response(request)
  File "E:\pythonProject\djangoGB\env\lib\site-packages\django\core\handlers\base.py", line 197, in _get_response
    response = wrapped_callback(request, *callback_args, **callback_kwargs)
  File "E:\pythonProject\djangoGB\store\views.py", line 21, in index
    return render(request, 'store/index.html', context)
  File "E:\pythonProject\djangoGB\env\lib\site-packages\django\shortcuts.py", line 24, in render
    content = loader.render_to_string(template_name, context, request, using=using)
  File "E:\pythonProject\djangoGB\env\lib\site-packages\django\template\loader.py", line 62, in render_to_string
    return template.render(context, request)
  File "E:\pythonProject\djangoGB\env\lib\site-packages\django\template\backends\django.py", line 57, in render
    context = make_context(
  File "E:\pythonProject\djangoGB\env\lib\site-packages\django\template\context.py", line 278, in make_context
    raise TypeError(
TypeError: context must be a dict rather than QuerySet.
ERROR 2023-09-27 03:45:46,050 basehttp 18336 6060 "GET / HTTP/1.1" 500 88824
INFO 2023-09-27 03:45:50,769 views 18336 6060 Index page accessed
ERROR 2023-09-27 03:45:50,793 log 18336 6060 Internal Server Error: /
Traceback (most recent call last):
  File "E:\pythonProject\djangoGB\env\lib\site-packages\django\core\handlers\exception.py", line 55, in inner
    response = get_response(request)
  File "E:\pythonProject\djangoGB\env\lib\site-packages\django\core\handlers\base.py", line 197, in _get_response
    response = wrapped_callback(request, *callback_args, **callback_kwargs)
  File "E:\pythonProject\djangoGB\store\views.py", line 21, in index
    return render(request, 'store/index.html', context)
  File "E:\pythonProject\djangoGB\env\lib\site-packages\django\shortcuts.py", line 24, in render
    content = loader.render_to_string(template_name, context, request, using=using)
  File "E:\pythonProject\djangoGB\env\lib\site-packages\django\template\loader.py", line 62, in render_to_string
    return template.render(context, request)
  File "E:\pythonProject\djangoGB\env\lib\site-packages\django\template\backends\django.py", line 57, in render
    context = make_context(
  File "E:\pythonProject\djangoGB\env\lib\site-packages\django\template\context.py", line 278, in make_context
    raise TypeError(
TypeError: context must be a dict rather than QuerySet.
ERROR 2023-09-27 03:45:50,794 basehttp 18336 6060 "GET / HTTP/1.1" 500 88824
INFO 2023-09-27 03:45:54,096 views 18336 6060 Index page accessed
ERROR 2023-09-27 03:45:54,117 log 18336 6060 Internal Server Error: /
Traceback (most recent call last):
  File "E:\pythonProject\djangoGB\env\lib\site-packages\django\core\handlers\exception.py", line 55, in inner
    response = get_response(request)
  File "E:\pythonProject\djangoGB\env\lib\site-packages\django\core\handlers\base.py", line 197, in _get_response
    response = wrapped_callback(request, *callback_args, **callback_kwargs)
  File "E:\pythonProject\djangoGB\store\views.py", line 21, in index
    return render(request, 'store/index.html', context)
  File "E:\pythonProject\djangoGB\env\lib\site-packages\django\shortcuts.py", line 24, in render
    content = loader.render_to_string(template_name, context, request, using=using)
  File "E:\pythonProject\djangoGB\env\lib\site-packages\django\template\loader.py", line 62, in render_to_string
    return template.render(context, request)
  File "E:\pythonProject\djangoGB\env\lib\site-packages\django\template\backends\django.py", line 57, in render
    context = make_context(
  File "E:\pythonProject\djangoGB\env\lib\site-packages\django\template\context.py", line 278, in make_context
    raise TypeError(
TypeError: context must be a dict rather than QuerySet.
ERROR 2023-09-27 03:45:54,119 basehttp 18336 6060 "GET / HTTP/1.1" 500 88692
INFO 2023-09-27 03:46:05,556 views 18336 6060 Index page accessed
ERROR 2023-09-27 03:46:05,580 log 18336 6060 Internal Server Error: /
Traceback (most recent call last):
  File "E:\pythonProject\djangoGB\env\lib\site-packages\django\core\handlers\exception.py", line 55, in inner
    response = get_response(request)
  File "E:\pythonProject\djangoGB\env\lib\site-packages\django\core\handlers\base.py", line 197, in _get_response
    response = wrapped_callback(request, *callback_args, **callback_kwargs)
  File "E:\pythonProject\djangoGB\store\views.py", line 21, in index
    return render(request, 'store/index.html', context)
  File "E:\pythonProject\djangoGB\env\lib\site-packages\django\shortcuts.py", line 24, in render
    content = loader.render_to_string(template_name, context, request, using=using)
  File "E:\pythonProject\djangoGB\env\lib\site-packages\django\template\loader.py", line 62, in render_to_string
    return template.render(context, request)
  File "E:\pythonProject\djangoGB\env\lib\site-packages\django\template\backends\django.py", line 57, in render
    context = make_context(
  File "E:\pythonProject\djangoGB\env\lib\site-packages\django\template\context.py", line 278, in make_context
    raise TypeError(
TypeError: context must be a dict rather than QuerySet.
ERROR 2023-09-27 03:46:05,582 basehttp 18336 6060 "GET / HTTP/1.1" 500 88829
INFO 2023-09-27 03:46:07,543 views 18336 6060 Index page accessed
ERROR 2023-09-27 03:46:07,565 log 18336 6060 Internal Server Error: /
Traceback (most recent call last):
  File "E:\pythonProject\djangoGB\env\lib\site-packages\django\core\handlers\exception.py", line 55, in inner
    response = get_response(request)
  File "E:\pythonProject\djangoGB\env\lib\site-packages\django\core\handlers\base.py", line 197, in _get_response
    response = wrapped_callback(request, *callback_args, **callback_kwargs)
  File "E:\pythonProject\djangoGB\store\views.py", line 21, in index
    return render(request, 'store/index.html', context)
  File "E:\pythonProject\djangoGB\env\lib\site-packages\django\shortcuts.py", line 24, in render
    content = loader.render_to_string(template_name, context, request, using=using)
  File "E:\pythonProject\djangoGB\env\lib\site-packages\django\template\loader.py", line 62, in render_to_string
    return template.render(context, request)
  File "E:\pythonProject\djangoGB\env\lib\site-packages\django\template\backends\django.py", line 57, in render
    context = make_context(
  File "E:\pythonProject\djangoGB\env\lib\site-packages\django\template\context.py", line 278, in make_context
    raise TypeError(
TypeError: context must be a dict rather than QuerySet.
ERROR 2023-09-27 03:46:07,566 basehttp 18336 6060 "GET / HTTP/1.1" 500 88692
INFO 2023-09-27 03:47:15,917 views 18336 6060 Index page accessed
ERROR 2023-09-27 03:47:15,940 log 18336 6060 Internal Server Error: /
Traceback (most recent call last):
  File "E:\pythonProject\djangoGB\env\lib\site-packages\django\core\handlers\exception.py", line 55, in inner
    response = get_response(request)
  File "E:\pythonProject\djangoGB\env\lib\site-packages\django\core\handlers\base.py", line 197, in _get_response
    response = wrapped_callback(request, *callback_args, **callback_kwargs)
  File "E:\pythonProject\djangoGB\store\views.py", line 21, in index
    return render(request, 'store/index.html', context)
  File "E:\pythonProject\djangoGB\env\lib\site-packages\django\shortcuts.py", line 24, in render
    content = loader.render_to_string(template_name, context, request, using=using)
  File "E:\pythonProject\djangoGB\env\lib\site-packages\django\template\loader.py", line 62, in render_to_string
    return template.render(context, request)
  File "E:\pythonProject\djangoGB\env\lib\site-packages\django\template\backends\django.py", line 57, in render
    context = make_context(
  File "E:\pythonProject\djangoGB\env\lib\site-packages\django\template\context.py", line 278, in make_context
    raise TypeError(
TypeError: context must be a dict rather than QuerySet.
ERROR 2023-09-27 03:47:15,942 basehttp 18336 6060 "GET / HTTP/1.1" 500 88829
INFO 2023-09-27 03:47:18,804 views 18336 6060 Index page accessed
ERROR 2023-09-27 03:47:18,826 log 18336 6060 Internal Server Error: /
Traceback (most recent call last):
  File "E:\pythonProject\djangoGB\env\lib\site-packages\django\core\handlers\exception.py", line 55, in inner
    response = get_response(request)
  File "E:\pythonProject\djangoGB\env\lib\site-packages\django\core\handlers\base.py", line 197, in _get_response
    response = wrapped_callback(request, *callback_args, **callback_kwargs)
  File "E:\pythonProject\djangoGB\store\views.py", line 21, in index
    return render(request, 'store/index.html', context)
  File "E:\pythonProject\djangoGB\env\lib\site-packages\django\shortcuts.py", line 24, in render
    content = loader.render_to_string(template_name, context, request, using=using)
  File "E:\pythonProject\djangoGB\env\lib\site-packages\django\template\loader.py", line 62, in render_to_string
    return template.render(context, request)
  File "E:\pythonProject\djangoGB\env\lib\site-packages\django\template\backends\django.py", line 57, in render
    context = make_context(
  File "E:\pythonProject\djangoGB\env\lib\site-packages\django\template\context.py", line 278, in make_context
    raise TypeError(
TypeError: context must be a dict rather than QuerySet.
ERROR 2023-09-27 03:47:18,828 basehttp 18336 6060 "GET / HTTP/1.1" 500 88692
INFO 2023-09-27 03:48:42,377 autoreload 18336 13776 E:\pythonProject\djangoGB\store\views.py changed, reloading.
INFO 2023-09-27 03:48:42,867 autoreload 12520 17100 Watching for file changes with StatReloader
INFO 2023-09-27 03:48:43,635 views 12520 2888 Index page accessed
ERROR 2023-09-27 03:48:43,673 log 12520 2888 Internal Server Error: /
Traceback (most recent call last):
  File "E:\pythonProject\djangoGB\env\lib\site-packages\django\core\handlers\exception.py", line 55, in inner
    response = get_response(request)
  File "E:\pythonProject\djangoGB\env\lib\site-packages\django\core\handlers\base.py", line 197, in _get_response
    response = wrapped_callback(request, *callback_args, **callback_kwargs)
  File "E:\pythonProject\djangoGB\store\views.py", line 21, in index
    return render(request, 'store/index.html', product_list)
  File "E:\pythonProject\djangoGB\env\lib\site-packages\django\shortcuts.py", line 24, in render
    content = loader.render_to_string(template_name, context, request, using=using)
  File "E:\pythonProject\djangoGB\env\lib\site-packages\django\template\loader.py", line 62, in render_to_string
    return template.render(context, request)
  File "E:\pythonProject\djangoGB\env\lib\site-packages\django\template\backends\django.py", line 57, in render
    context = make_context(
  File "E:\pythonProject\djangoGB\env\lib\site-packages\django\template\context.py", line 278, in make_context
    raise TypeError(
TypeError: context must be a dict rather than QuerySet.
ERROR 2023-09-27 03:48:43,676 basehttp 12520 2888 "GET / HTTP/1.1" 500 88712
INFO 2023-09-27 03:49:58,259 views 12520 2888 Index page accessed
ERROR 2023-09-27 03:49:58,283 log 12520 2888 Internal Server Error: /
Traceback (most recent call last):
  File "E:\pythonProject\djangoGB\env\lib\site-packages\django\core\handlers\exception.py", line 55, in inner
    response = get_response(request)
  File "E:\pythonProject\djangoGB\env\lib\site-packages\django\core\handlers\base.py", line 197, in _get_response
    response = wrapped_callback(request, *callback_args, **callback_kwargs)
  File "E:\pythonProject\djangoGB\store\views.py", line 21, in index
    return render(request, 'store/index.html', **context)
  File "E:\pythonProject\djangoGB\env\lib\site-packages\django\shortcuts.py", line 24, in render
    content = loader.render_to_string(template_name, context, request, using=using)
  File "E:\pythonProject\djangoGB\env\lib\site-packages\django\template\loader.py", line 62, in render_to_string
    return template.render(context, request)
  File "E:\pythonProject\djangoGB\env\lib\site-packages\django\template\backends\django.py", line 57, in render
    context = make_context(
  File "E:\pythonProject\djangoGB\env\lib\site-packages\django\template\context.py", line 278, in make_context
    raise TypeError(
TypeError: context must be a dict rather than QuerySet.
ERROR 2023-09-27 03:49:58,284 basehttp 12520 2888 "GET / HTTP/1.1" 500 88838
INFO 2023-09-27 03:49:58,327 autoreload 12520 17100 E:\pythonProject\djangoGB\store\views.py changed, reloading.
INFO 2023-09-27 03:49:58,883 autoreload 12156 164 Watching for file changes with StatReloader
INFO 2023-09-27 03:49:59,868 views 12156 10708 Index page accessed
ERROR 2023-09-27 03:49:59,900 log 12156 10708 Internal Server Error: /
Traceback (most recent call last):
  File "E:\pythonProject\djangoGB\env\lib\site-packages\django\core\handlers\exception.py", line 55, in inner
    response = get_response(request)
  File "E:\pythonProject\djangoGB\env\lib\site-packages\django\core\handlers\base.py", line 197, in _get_response
    response = wrapped_callback(request, *callback_args, **callback_kwargs)
  File "E:\pythonProject\djangoGB\store\views.py", line 21, in index
    return render(request, 'store/index.html', **context)
TypeError: django.shortcuts.render() argument after ** must be a mapping, not QuerySet
ERROR 2023-09-27 03:49:59,902 basehttp 12156 10708 "GET / HTTP/1.1" 500 68940
INFO 2023-09-27 03:50:01,290 views 12156 10708 Index page accessed
ERROR 2023-09-27 03:50:01,309 log 12156 10708 Internal Server Error: /
Traceback (most recent call last):
  File "E:\pythonProject\djangoGB\env\lib\site-packages\django\core\handlers\exception.py", line 55, in inner
    response = get_response(request)
  File "E:\pythonProject\djangoGB\env\lib\site-packages\django\core\handlers\base.py", line 197, in _get_response
    response = wrapped_callback(request, *callback_args, **callback_kwargs)
  File "E:\pythonProject\djangoGB\store\views.py", line 21, in index
    return render(request, 'store/index.html', **context)
TypeError: django.shortcuts.render() argument after ** must be a mapping, not QuerySet
ERROR 2023-09-27 03:50:01,309 basehttp 12156 10708 "GET / HTTP/1.1" 500 68803
INFO 2023-09-27 03:50:28,505 autoreload 12156 164 E:\pythonProject\djangoGB\store\views.py changed, reloading.
INFO 2023-09-27 03:50:29,016 autoreload 14124 1572 Watching for file changes with StatReloader
INFO 2023-09-27 03:50:29,504 views 14124 15784 Index page accessed
ERROR 2023-09-27 03:50:29,537 log 14124 15784 Internal Server Error: /
Traceback (most recent call last):
  File "E:\pythonProject\djangoGB\env\lib\site-packages\django\core\handlers\exception.py", line 55, in inner
    response = get_response(request)
  File "E:\pythonProject\djangoGB\env\lib\site-packages\django\core\handlers\base.py", line 197, in _get_response
    response = wrapped_callback(request, *callback_args, **callback_kwargs)
  File "E:\pythonProject\djangoGB\store\views.py", line 21, in index
    return render(request, 'store/index.html', *context)
TypeError: render() takes from 2 to 6 positional arguments but 8 were given
ERROR 2023-09-27 03:50:29,538 basehttp 14124 15784 "GET / HTTP/1.1" 500 68894
INFO 2023-09-27 03:51:14,253 autoreload 14124 1572 E:\pythonProject\djangoGB\store\views.py changed, reloading.
INFO 2023-09-27 03:51:14,726 autoreload 4820 1388 Watching for file changes with StatReloader
INFO 2023-09-27 03:51:14,924 views 4820 11292 Index page accessed
INFO 2023-09-27 03:51:14,936 basehttp 4820 11292 "GET / HTTP/1.1" 200 9762
INFO 2023-09-27 04:04:14,901 autoreload 9656 18780 Watching for file changes with StatReloader
INFO 2023-09-27 04:04:16,271 views 9656 17184 Index page accessed
INFO 2023-09-27 04:04:16,290 basehttp 9656 17184 "GET / HTTP/1.1" 200 9780
INFO 2023-09-27 04:04:16,345 basehttp 9656 17184 "GET /static/store/image/plate-640x480.jpg HTTP/1.1" 200 33632
INFO 2023-09-27 04:04:18,062 views 9656 17184 Index page accessed
INFO 2023-09-27 04:04:18,065 basehttp 9656 17184 "GET / HTTP/1.1" 200 9780
DEBUG 2023-09-27 04:04:18,737 views 9656 17184 About page accessed
INFO 2023-09-27 04:04:18,739 basehttp 9656 17184 "GET /about/ HTTP/1.1" 200 2990
INFO 2023-09-27 05:55:50,721 autoreload 600 10368 Watching for file changes with StatReloader
INFO 2023-09-27 05:55:51,744 views 600 17940 Index page accessed
INFO 2023-09-27 05:55:51,763 basehttp 600 17940 "GET / HTTP/1.1" 200 9774
WARNING 2023-09-27 05:55:51,864 log 600 17940 Not Found: /favicon.ico
WARNING 2023-09-27 05:55:51,865 basehttp 600 17940 "GET /favicon.ico HTTP/1.1" 404 3498
INFO 2023-09-27 05:55:53,101 views 600 17940 Index page accessed
INFO 2023-09-27 05:55:53,104 basehttp 600 17940 "GET / HTTP/1.1" 200 9774
INFO 2023-09-27 05:56:10,498 basehttp 600 17940 "GET /admin HTTP/1.1" 301 0
INFO 2023-09-27 05:56:10,511 basehttp 600 4240 "GET /admin/ HTTP/1.1" 302 0
INFO 2023-09-27 05:56:10,545 basehttp 600 4240 "GET /admin/login/?next=/admin/ HTTP/1.1" 200 4267
INFO 2023-09-27 05:56:10,623 basehttp 600 4240 "GET /static/admin/css/base.css HTTP/1.1" 200 21207
INFO 2023-09-27 05:56:10,626 basehttp 600 4240 "GET /static/admin/js/nav_sidebar.js HTTP/1.1" 200 3063
INFO 2023-09-27 05:56:10,660 basehttp 600 2832 "GET /static/admin/css/responsive.css HTTP/1.1" 200 18533
INFO 2023-09-27 05:56:10,662 basehttp 600 8796 "GET /static/admin/css/login.css HTTP/1.1" 200 958
INFO 2023-09-27 05:56:10,662 basehttp 600 16516 "GET /static/admin/css/dark_mode.css HTTP/1.1" 200 2929
INFO 2023-09-27 05:56:10,663 basehttp 600 15908 "GET /static/admin/js/theme.js HTTP/1.1" 200 1943
INFO 2023-09-27 05:56:10,663 basehttp 600 12116 "GET /static/admin/css/nav_sidebar.css HTTP/1.1" 200 2694
INFO 2023-09-27 05:56:17,577 basehttp 600 15908 "POST /admin/login/?next=/admin/ HTTP/1.1" 302 0
INFO 2023-09-27 05:56:17,592 basehttp 600 15908 "GET /admin/ HTTP/1.1" 200 5852
INFO 2023-09-27 05:56:17,619 basehttp 600 15908 "GET /static/admin/css/dashboard.css HTTP/1.1" 200 441
INFO 2023-09-27 05:56:17,626 basehttp 600 15908 "GET /static/admin/img/icon-addlink.svg HTTP/1.1" 200 331
INFO 2023-09-27 05:56:17,626 basehttp 600 12116 "GET /static/admin/img/icon-changelink.svg HTTP/1.1" 200 380
INFO 2023-09-27 05:56:42,438 basehttp 600 12116 "GET /admin/auth/user/add/ HTTP/1.1" 200 10988
INFO 2023-09-27 05:56:42,475 basehttp 600 8796 "GET /static/admin/js/jquery.init.js HTTP/1.1" 200 347
INFO 2023-09-27 05:56:42,477 basehttp 600 12116 "GET /static/admin/css/forms.css HTTP/1.1" 200 9047
INFO 2023-09-27 05:56:42,477 basehttp 600 2832 "GET /static/admin/js/core.js HTTP/1.1" 200 5682
INFO 2023-09-27 05:56:42,478 basehttp 600 4240 "GET /static/admin/js/admin/RelatedObjectLookups.js HTTP/1.1" 200 8943
INFO 2023-09-27 05:56:42,480 basehttp 600 8796 "GET /static/admin/js/actions.js HTTP/1.1" 200 7872
INFO 2023-09-27 05:56:42,482 basehttp 600 12116 "GET /static/admin/js/urlify.js HTTP/1.1" 200 7887
INFO 2023-09-27 05:56:42,484 basehttp 600 15908 "GET /admin/jsi18n/ HTTP/1.1" 200 16066
INFO 2023-09-27 05:56:42,485 basehttp 600 2832 "GET /static/admin/js/prepopulate.js HTTP/1.1" 200 1531
INFO 2023-09-27 05:56:42,487 basehttp 600 12116 "GET /static/admin/js/prepopulate_init.js HTTP/1.1" 200 586
INFO 2023-09-27 05:56:42,487 basehttp 600 8796 "GET /static/admin/css/widgets.css HTTP/1.1" 200 11900
INFO 2023-09-27 05:56:42,488 basehttp 600 16516 "GET /static/admin/js/vendor/jquery/jquery.js HTTP/1.1" 200 292458
INFO 2023-09-27 05:56:42,488 basehttp 600 4240 "GET /static/admin/js/vendor/xregexp/xregexp.js HTTP/1.1" 200 232381
INFO 2023-09-27 05:56:42,494 basehttp 600 4240 "GET /static/admin/js/change_form.js HTTP/1.1" 200 606
INFO 2023-09-27 05:56:56,050 basehttp 600 4240 "POST /admin/auth/user/add/ HTTP/1.1" 200 11464
INFO 2023-09-27 05:56:56,088 basehttp 600 4240 "GET /admin/jsi18n/ HTTP/1.1" 200 16066
INFO 2023-09-27 05:57:31,090 basehttp 600 4240 "POST /admin/auth/user/add/ HTTP/1.1" 200 11208
INFO 2023-09-27 05:57:31,122 basehttp 600 4240 "GET /admin/jsi18n/ HTTP/1.1" 200 16066
INFO 2023-09-27 05:57:43,554 basehttp 600 4240 "POST /admin/auth/user/add/ HTTP/1.1" 302 0
INFO 2023-09-27 05:57:43,590 basehttp 600 4240 "GET /admin/auth/user/2/change/ HTTP/1.1" 200 22641
INFO 2023-09-27 05:57:43,624 basehttp 600 12116 "GET /static/admin/js/admin/DateTimeShortcuts.js HTTP/1.1" 200 19319
INFO 2023-09-27 05:57:43,624 basehttp 600 2832 "GET /static/admin/js/SelectFilter2.js HTTP/1.1" 200 15292
INFO 2023-09-27 05:57:43,624 basehttp 600 16516 "GET /static/admin/js/calendar.js HTTP/1.1" 200 8466
INFO 2023-09-27 05:57:43,627 basehttp 600 8796 "GET /static/admin/js/SelectBox.js HTTP/1.1" 200 4530
INFO 2023-09-27 05:57:43,627 basehttp 600 4240 "GET /admin/jsi18n/ HTTP/1.1" 200 16066
INFO 2023-09-27 05:57:43,640 basehttp 600 4240 "GET /static/admin/img/icon-yes.svg HTTP/1.1" 200 436
INFO 2023-09-27 05:57:43,673 basehttp 600 4240 "GET /static/admin/img/search.svg HTTP/1.1" 200 458
INFO 2023-09-27 05:57:43,675 basehttp 600 8796 "GET /static/admin/img/selector-icons.svg HTTP/1.1" 200 3291
INFO 2023-09-27 05:57:43,677 basehttp 600 16516 "GET /static/admin/img/icon-calendar.svg HTTP/1.1" 200 1086
INFO 2023-09-27 05:57:43,677 basehttp 600 2832 "GET /static/admin/img/icon-clock.svg HTTP/1.1" 200 677
INFO 2023-09-27 05:58:02,418 basehttp 600 2832 "POST /admin/auth/user/2/change/ HTTP/1.1" 302 0
INFO 2023-09-27 05:58:02,448 basehttp 600 2832 "GET /admin/auth/user/ HTTP/1.1" 200 11908
INFO 2023-09-27 05:58:02,486 basehttp 600 2832 "GET /static/admin/css/changelists.css HTTP/1.1" 200 6566
INFO 2023-09-27 05:58:02,492 basehttp 600 2832 "GET /admin/jsi18n/ HTTP/1.1" 200 16066
INFO 2023-09-27 05:58:02,492 basehttp 600 16516 "GET /static/admin/js/filters.js HTTP/1.1" 200 978
INFO 2023-09-27 05:58:02,497 basehttp 600 16516 "GET /static/admin/img/icon-no.svg HTTP/1.1" 200 560
INFO 2023-09-27 05:58:02,505 basehttp 600 16516 "GET /static/admin/img/tooltag-add.svg HTTP/1.1" 200 331
INFO 2023-09-27 05:58:02,506 basehttp 600 2832 "GET /static/admin/img/sorting-icons.svg HTTP/1.1" 200 1097
INFO 2023-09-27 05:58:19,705 views 600 2832 Index page accessed
INFO 2023-09-27 05:58:19,708 basehttp 600 2832 "GET / HTTP/1.1" 200 9774
INFO 2023-09-27 05:58:27,159 basehttp 600 2832 "GET /account/login HTTP/1.1" 301 0
ERROR 2023-09-27 05:58:27,198 log 600 16516 Internal Server Error: /account/login/
Traceback (most recent call last):
  File "E:\pythonProject\djangoGB\env\lib\site-packages\django\template\backends\django.py", line 61, in render
    return self.template.render(context)
  File "E:\pythonProject\djangoGB\env\lib\site-packages\django\template\base.py", line 175, in render
    return self._render(context)
  File "E:\pythonProject\djangoGB\env\lib\site-packages\django\template\base.py", line 167, in _render
    return self.nodelist.render(context)
  File "E:\pythonProject\djangoGB\env\lib\site-packages\django\template\base.py", line 1005, in render
    return SafeString("".join([node.render_annotated(context) for node in self]))
  File "E:\pythonProject\djangoGB\env\lib\site-packages\django\template\base.py", line 1005, in <listcomp>
    return SafeString("".join([node.render_annotated(context) for node in self]))
  File "E:\pythonProject\djangoGB\env\lib\site-packages\django\template\base.py", line 966, in render_annotated
    return self.render(context)
  File "E:\pythonProject\djangoGB\env\lib\site-packages\django\template\loader_tags.py", line 132, in render
    compiled_parent = self.get_parent(context)
  File "E:\pythonProject\djangoGB\env\lib\site-packages\django\template\loader_tags.py", line 129, in get_parent
    return self.find_template(parent, context)
  File "E:\pythonProject\djangoGB\env\lib\site-packages\django\template\loader_tags.py", line 107, in find_template
    template, origin = context.template.engine.find_template(
  File "E:\pythonProject\djangoGB\env\lib\site-packages\django\template\engine.py", line 161, in find_template
    raise TemplateDoesNotExist(name, tried=tried)
django.template.exceptions.TemplateDoesNotExist: base.html

The above exception was the direct cause of the following exception:

Traceback (most recent call last):
  File "E:\pythonProject\djangoGB\env\lib\site-packages\django\core\handlers\exception.py", line 55, in inner
    response = get_response(request)
  File "E:\pythonProject\djangoGB\env\lib\site-packages\django\core\handlers\base.py", line 197, in _get_response
    response = wrapped_callback(request, *callback_args, **callback_kwargs)
  File "E:\pythonProject\djangoGB\account\views.py", line 25, in user_login
    return render(request, 'account/login.html', {"form": form})
  File "E:\pythonProject\djangoGB\env\lib\site-packages\django\shortcuts.py", line 24, in render
    content = loader.render_to_string(template_name, context, request, using=using)
  File "E:\pythonProject\djangoGB\env\lib\site-packages\django\template\loader.py", line 62, in render_to_string
    return template.render(context, request)
  File "E:\pythonProject\djangoGB\env\lib\site-packages\django\template\backends\django.py", line 63, in render
    reraise(exc, self.backend)
  File "E:\pythonProject\djangoGB\env\lib\site-packages\django\template\backends\django.py", line 84, in reraise
    raise new from exc
django.template.exceptions.TemplateDoesNotExist: base.html
ERROR 2023-09-27 05:58:27,201 basehttp 600 16516 "GET /account/login/ HTTP/1.1" 500 132090
ERROR 2023-09-27 05:58:45,278 log 600 16516 Internal Server Error: /account/login/
Traceback (most recent call last):
  File "E:\pythonProject\djangoGB\env\lib\site-packages\django\template\backends\django.py", line 61, in render
    return self.template.render(context)
  File "E:\pythonProject\djangoGB\env\lib\site-packages\django\template\base.py", line 175, in render
    return self._render(context)
  File "E:\pythonProject\djangoGB\env\lib\site-packages\django\template\base.py", line 167, in _render
    return self.nodelist.render(context)
  File "E:\pythonProject\djangoGB\env\lib\site-packages\django\template\base.py", line 1005, in render
    return SafeString("".join([node.render_annotated(context) for node in self]))
  File "E:\pythonProject\djangoGB\env\lib\site-packages\django\template\base.py", line 1005, in <listcomp>
    return SafeString("".join([node.render_annotated(context) for node in self]))
  File "E:\pythonProject\djangoGB\env\lib\site-packages\django\template\base.py", line 966, in render_annotated
    return self.render(context)
  File "E:\pythonProject\djangoGB\env\lib\site-packages\django\template\loader_tags.py", line 132, in render
    compiled_parent = self.get_parent(context)
  File "E:\pythonProject\djangoGB\env\lib\site-packages\django\template\loader_tags.py", line 129, in get_parent
    return self.find_template(parent, context)
  File "E:\pythonProject\djangoGB\env\lib\site-packages\django\template\loader_tags.py", line 107, in find_template
    template, origin = context.template.engine.find_template(
  File "E:\pythonProject\djangoGB\env\lib\site-packages\django\template\engine.py", line 161, in find_template
    raise TemplateDoesNotExist(name, tried=tried)
django.template.exceptions.TemplateDoesNotExist: base.html

The above exception was the direct cause of the following exception:

Traceback (most recent call last):
  File "E:\pythonProject\djangoGB\env\lib\site-packages\django\core\handlers\exception.py", line 55, in inner
    response = get_response(request)
  File "E:\pythonProject\djangoGB\env\lib\site-packages\django\core\handlers\base.py", line 197, in _get_response
    response = wrapped_callback(request, *callback_args, **callback_kwargs)
  File "E:\pythonProject\djangoGB\account\views.py", line 25, in user_login
    return render(request, 'account/login.html', {"form": form})
  File "E:\pythonProject\djangoGB\env\lib\site-packages\django\shortcuts.py", line 24, in render
    content = loader.render_to_string(template_name, context, request, using=using)
  File "E:\pythonProject\djangoGB\env\lib\site-packages\django\template\loader.py", line 62, in render_to_string
    return template.render(context, request)
  File "E:\pythonProject\djangoGB\env\lib\site-packages\django\template\backends\django.py", line 63, in render
    reraise(exc, self.backend)
  File "E:\pythonProject\djangoGB\env\lib\site-packages\django\template\backends\django.py", line 84, in reraise
    raise new from exc
django.template.exceptions.TemplateDoesNotExist: base.html
ERROR 2023-09-27 05:58:45,280 basehttp 600 16516 "GET /account/login/ HTTP/1.1" 500 132227
INFO 2023-09-27 05:59:49,820 basehttp 600 16516 "GET /account/login/ HTTP/1.1" 200 792
WARNING 2023-09-27 05:59:49,870 basehttp 600 16516 "GET /static/css/base.css HTTP/1.1" 404 1795
INFO 2023-09-27 06:00:07,559 basehttp 600 8796 "GET /admin/auth/user/2/change/ HTTP/1.1" 200 22345
INFO 2023-09-27 06:00:07,593 basehttp 600 8796 "GET /admin/jsi18n/ HTTP/1.1" 200 16066
INFO 2023-09-27 06:00:21,408 basehttp 600 8796 "POST /admin/auth/user/2/change/ HTTP/1.1" 302 0
INFO 2023-09-27 06:00:21,433 basehttp 600 8796 "GET /admin/auth/user/ HTTP/1.1" 200 11920
INFO 2023-09-27 06:00:21,468 basehttp 600 8796 "GET /admin/jsi18n/ HTTP/1.1" 200 16066
INFO 2023-09-27 06:00:32,344 basehttp 600 8796 "POST /account/login/ HTTP/1.1" 200 13
INFO 2023-09-27 06:00:34,655 basehttp 600 8796 "GET /account/login/ HTTP/1.1" 200 792
INFO 2023-09-27 06:00:52,245 basehttp 600 8796 "POST /account/login/ HTTP/1.1" 200 13
INFO 2023-09-27 06:01:17,135 basehttp 600 8796 "GET /account/login/ HTTP/1.1" 200 800
INFO 2023-09-27 06:01:17,159 basehttp 600 8796 "GET /static/account/css/base.css HTTP/1.1" 200 4787
INFO 2023-09-27 06:02:16,468 basehttp 600 8796 "POST /account/login/ HTTP/1.1" 200 13
INFO 2023-09-27 06:02:25,150 basehttp 600 8796 "GET /admin/auth/user/2/change/ HTTP/1.1" 200 22366
INFO 2023-09-27 06:02:25,188 basehttp 600 8796 "GET /admin/jsi18n/ HTTP/1.1" 200 16066
INFO 2023-09-27 06:02:35,011 basehttp 600 8796 "POST /admin/auth/user/2/change/ HTTP/1.1" 302 0
INFO 2023-09-27 06:02:35,037 basehttp 600 8796 "GET /admin/auth/user/ HTTP/1.1" 200 11936
INFO 2023-09-27 06:02:35,073 basehttp 600 8796 "GET /admin/jsi18n/ HTTP/1.1" 200 16066
INFO 2023-09-27 06:02:38,843 basehttp 600 8796 "GET /account/login/ HTTP/1.1" 200 800
INFO 2023-09-27 06:02:42,608 basehttp 600 8796 "POST /account/login/ HTTP/1.1" 200 13
INFO 2023-09-27 06:02:44,602 basehttp 600 8796 "GET /account/login/ HTTP/1.1" 200 800
INFO 2023-09-27 06:02:45,410 basehttp 600 8796 "GET /account/login/ HTTP/1.1" 200 800
INFO 2023-09-27 06:02:45,435 basehttp 600 8796 "GET /static/account/css/base.css HTTP/1.1" 304 0
INFO 2023-09-27 06:02:50,592 basehttp 600 8796 "POST /account/login/ HTTP/1.1" 200 13
INFO 2023-09-27 06:02:51,890 basehttp 600 8796 "GET /account/login/ HTTP/1.1" 200 800
INFO 2023-09-27 06:03:00,322 basehttp 600 8796 "POST /account/login/ HTTP/1.1" 200 13
INFO 2023-09-27 06:03:10,026 basehttp 600 8796 "POST /account/login/ HTTP/1.1" 200 13
INFO 2023-09-27 06:03:15,064 autoreload 3856 16556 Watching for file changes with StatReloader
INFO 2023-09-27 06:03:20,820 basehttp 3856 19128 "GET /account/login/ HTTP/1.1" 200 800
INFO 2023-09-27 06:03:24,567 basehttp 3856 19128 "POST /account/login/ HTTP/1.1" 200 13
INFO 2023-09-27 06:03:26,499 basehttp 3856 19128 "GET /account/login/ HTTP/1.1" 200 800
INFO 2023-09-27 10:44:19,489 autoreload 17224 4308 Watching for file changes with StatReloader
INFO 2023-09-27 10:44:25,101 views 17224 16432 Index page accessed
INFO 2023-09-27 10:44:25,122 basehttp 17224 16432 "GET / HTTP/1.1" 200 9774
INFO 2023-09-27 10:44:25,127 views 17224 18860 Index page accessed
INFO 2023-09-27 10:44:25,131 basehttp 17224 18860 "GET / HTTP/1.1" 200 9774
WARNING 2023-09-27 10:44:25,434 log 17224 18860 Not Found: /favicon.ico
WARNING 2023-09-27 10:44:25,435 basehttp 17224 18860 "GET /favicon.ico HTTP/1.1" 404 3498
INFO 2023-09-27 10:44:27,994 views 17224 16084 Index page accessed
INFO 2023-09-27 10:44:27,997 basehttp 17224 16084 "GET / HTTP/1.1" 200 9774
INFO 2023-09-27 10:44:31,614 basehttp 17224 16084 "GET /account/login/ HTTP/1.1" 200 810
INFO 2023-09-27 10:44:31,655 basehttp 17224 16084 "GET /static/account/css/base.css HTTP/1.1" 304 0
INFO 2023-09-27 10:44:43,566 basehttp 17224 16084 "POST /account/login/ HTTP/1.1" 200 13
INFO 2023-09-27 10:45:03,362 basehttp 17224 16084 "GET /account/login/ HTTP/1.1" 200 810
INFO 2023-09-27 10:46:16,204 autoreload 17224 4308 E:\pythonProject\djangoGB\account\forms.py changed, reloading.
INFO 2023-09-27 10:46:16,737 autoreload 12204 10112 Watching for file changes with StatReloader
INFO 2023-09-27 10:48:07,179 autoreload 12204 10112 E:\pythonProject\djangoGB\account\forms.py changed, reloading.
INFO 2023-09-27 10:48:07,678 autoreload 19148 6416 Watching for file changes with StatReloader
INFO 2023-09-27 10:48:14,320 autoreload 19148 6416 E:\pythonProject\djangoGB\account\views.py changed, reloading.
INFO 2023-09-27 10:48:14,803 autoreload 17596 3048 Watching for file changes with StatReloader
INFO 2023-09-27 10:49:14,848 views 17596 412 Index page accessed
INFO 2023-09-27 10:49:14,860 basehttp 17596 412 "GET / HTTP/1.1" 200 9774
INFO 2023-09-27 10:49:18,542 basehttp 17596 412 "GET /account/login/ HTTP/1.1" 200 821
INFO 2023-09-27 10:49:28,184 basehttp 17596 412 "POST /account/login/ HTTP/1.1" 200 26
INFO 2023-09-27 10:49:35,708 views 17596 412 Index page accessed
INFO 2023-09-27 10:49:35,711 basehttp 17596 412 "GET / HTTP/1.1" 200 9774
INFO 2023-09-27 10:49:54,661 basehttp 17596 412 "GET /admin/auth/user/ HTTP/1.1" 302 0
INFO 2023-09-27 10:49:54,694 basehttp 17596 412 "GET /admin/login/?next=/admin/auth/user/ HTTP/1.1" 200 3984
INFO 2023-09-27 10:49:54,738 basehttp 17596 412 "GET /static/admin/css/base.css HTTP/1.1" 304 0
INFO 2023-09-27 10:49:54,749 basehttp 17596 12952 "GET /static/admin/css/nav_sidebar.css HTTP/1.1" 304 0
INFO 2023-09-27 10:49:54,749 basehttp 17596 412 "GET /static/admin/css/dark_mode.css HTTP/1.1" 304 0
INFO 2023-09-27 10:49:54,751 basehttp 17596 11048 "GET /static/admin/css/login.css HTTP/1.1" 304 0
INFO 2023-09-27 10:49:54,753 basehttp 17596 15684 "GET /static/admin/css/responsive.css HTTP/1.1" 304 0
INFO 2023-09-27 10:49:54,753 basehttp 17596 11048 "GET /static/admin/js/theme.js HTTP/1.1" 304 0
INFO 2023-09-27 10:49:54,755 basehttp 17596 11048 "GET /static/admin/js/nav_sidebar.js HTTP/1.1" 304 0
INFO 2023-09-27 10:50:03,642 basehttp 17596 11048 "POST /admin/login/?next=/admin/auth/user/ HTTP/1.1" 302 0
INFO 2023-09-27 10:50:03,680 basehttp 17596 11048 "GET /admin/auth/user/ HTTP/1.1" 200 11708
INFO 2023-09-27 10:50:03,711 basehttp 17596 11048 "GET /static/admin/css/changelists.css HTTP/1.1" 304 0
INFO 2023-09-27 10:50:03,715 basehttp 17596 412 "GET /static/admin/js/vendor/jquery/jquery.js HTTP/1.1" 304 0
INFO 2023-09-27 10:50:03,717 basehttp 17596 12952 "GET /static/admin/js/actions.js HTTP/1.1" 304 0
INFO 2023-09-27 10:50:03,717 basehttp 17596 11048 "GET /static/admin/js/vendor/xregexp/xregexp.js HTTP/1.1" 304 0
INFO 2023-09-27 10:50:03,717 basehttp 17596 8072 "GET /static/admin/js/core.js HTTP/1.1" 304 0
INFO 2023-09-27 10:50:03,720 basehttp 17596 412 "GET /static/admin/js/admin/RelatedObjectLookups.js HTTP/1.1" 304 0
INFO 2023-09-27 10:50:03,720 basehttp 17596 8152 "GET /static/admin/js/jquery.init.js HTTP/1.1" 304 0
INFO 2023-09-27 10:50:03,722 basehttp 17596 12952 "GET /static/admin/js/prepopulate.js HTTP/1.1" 304 0
INFO 2023-09-27 10:50:03,722 basehttp 17596 11048 "GET /static/admin/js/urlify.js HTTP/1.1" 304 0
INFO 2023-09-27 10:50:03,725 basehttp 17596 15684 "GET /admin/jsi18n/ HTTP/1.1" 200 16066
INFO 2023-09-27 10:50:03,728 basehttp 17596 15684 "GET /static/admin/js/filters.js HTTP/1.1" 304 0
INFO 2023-09-27 10:50:03,731 basehttp 17596 15684 "GET /static/admin/img/search.svg HTTP/1.1" 304 0
INFO 2023-09-27 10:50:03,744 basehttp 17596 15684 "GET /static/admin/img/icon-no.svg HTTP/1.1" 304 0
INFO 2023-09-27 10:50:03,744 basehttp 17596 11048 "GET /static/admin/img/icon-yes.svg HTTP/1.1" 304 0
INFO 2023-09-27 10:50:03,751 basehttp 17596 15684 "GET /static/admin/img/icon-addlink.svg HTTP/1.1" 304 0
INFO 2023-09-27 10:50:03,751 basehttp 17596 11048 "GET /static/admin/img/tooltag-add.svg HTTP/1.1" 304 0
INFO 2023-09-27 10:50:03,752 basehttp 17596 12952 "GET /static/admin/img/sorting-icons.svg HTTP/1.1" 304 0
INFO 2023-09-27 10:50:06,388 basehttp 17596 12952 "GET /admin/auth/user/2/change/ HTTP/1.1" 200 22434
INFO 2023-09-27 10:50:06,420 basehttp 17596 12952 "GET /static/admin/css/forms.css HTTP/1.1" 304 0
INFO 2023-09-27 10:50:06,426 basehttp 17596 8152 "GET /static/admin/js/SelectBox.js HTTP/1.1" 304 0
INFO 2023-09-27 10:50:06,426 basehttp 17596 11048 "GET /static/admin/js/admin/DateTimeShortcuts.js HTTP/1.1" 304 0
INFO 2023-09-27 10:50:06,428 basehttp 17596 8072 "GET /static/admin/css/widgets.css HTTP/1.1" 304 0
INFO 2023-09-27 10:50:06,428 basehttp 17596 15684 "GET /static/admin/js/calendar.js HTTP/1.1" 304 0
INFO 2023-09-27 10:50:06,428 basehttp 17596 412 "GET /static/admin/js/SelectFilter2.js HTTP/1.1" 304 0
INFO 2023-09-27 10:50:06,431 basehttp 17596 12952 "GET /admin/jsi18n/ HTTP/1.1" 200 16066
INFO 2023-09-27 10:50:06,434 basehttp 17596 12952 "GET /static/admin/js/prepopulate_init.js HTTP/1.1" 304 0
INFO 2023-09-27 10:50:06,436 basehttp 17596 12952 "GET /static/admin/js/change_form.js HTTP/1.1" 304 0
INFO 2023-09-27 10:50:06,473 basehttp 17596 12952 "GET /static/admin/img/selector-icons.svg HTTP/1.1" 304 0
INFO 2023-09-27 10:50:06,473 basehttp 17596 15684 "GET /static/admin/img/icon-calendar.svg HTTP/1.1" 304 0
INFO 2023-09-27 10:50:06,474 basehttp 17596 412 "GET /static/admin/img/icon-clock.svg HTTP/1.1" 304 0
INFO 2023-09-27 10:50:21,228 basehttp 17596 412 "POST /admin/auth/user/2/change/ HTTP/1.1" 302 0
INFO 2023-09-27 10:50:21,244 basehttp 17596 412 "GET /admin/auth/user/ HTTP/1.1" 200 11920
INFO 2023-09-27 10:50:21,286 basehttp 17596 412 "GET /admin/jsi18n/ HTTP/1.1" 200 16066
INFO 2023-09-27 10:50:34,908 views 17596 412 Index page accessed
INFO 2023-09-27 10:50:34,911 basehttp 17596 412 "GET / HTTP/1.1" 200 9774
INFO 2023-09-27 10:53:37,889 autoreload 17596 3048 E:\pythonProject\djangoGB\account\urls.py changed, reloading.
INFO 2023-09-27 10:53:38,476 autoreload 15304 15956 Watching for file changes with StatReloader
INFO 2023-09-27 10:59:46,343 autoreload 15304 15956 E:\pythonProject\djangoGB\account\urls.py changed, reloading.
INFO 2023-09-27 10:59:46,830 autoreload 8152 12952 Watching for file changes with StatReloader
INFO 2023-09-27 11:00:12,989 autoreload 8152 12952 E:\pythonProject\djangoGB\djangoGB\settings.py changed, reloading.
INFO 2023-09-27 11:00:13,466 autoreload 12956 15104 Watching for file changes with StatReloader
INFO 2023-09-27 11:02:49,637 autoreload 12956 15104 E:\pythonProject\djangoGB\account\urls.py changed, reloading.
INFO 2023-09-27 11:02:50,142 autoreload 13168 7124 Watching for file changes with StatReloader
INFO 2023-09-27 11:02:50,308 views 13168 10880 Index page accessed
INFO 2023-09-27 11:02:50,320 basehttp 13168 10880 "GET / HTTP/1.1" 200 9774
INFO 2023-09-27 11:02:56,765 basehttp 13168 10880 "GET /account/login/ HTTP/1.1" 200 1391
INFO 2023-09-27 11:02:59,124 basehttp 13168 10880 "GET /account/logout/ HTTP/1.1" 200 3561
INFO 2023-09-27 11:03:01,094 basehttp 13168 10880 "GET /admin/ HTTP/1.1" 302 0
INFO 2023-09-27 11:03:01,104 basehttp 13168 10880 "GET /admin/login/?next=/admin/ HTTP/1.1" 200 4267
WARNING 2023-09-27 11:03:08,956 log 13168 10880 Not Found: /login
WARNING 2023-09-27 11:03:08,957 basehttp 13168 10880 "GET /login HTTP/1.1" 404 3480
INFO 2023-09-27 11:03:14,796 basehttp 13168 10880 "GET /account/login/ HTTP/1.1" 200 1160
INFO 2023-09-27 11:03:16,763 basehttp 13168 10880 "GET /account/login/ HTTP/1.1" 200 1160
INFO 2023-09-27 11:03:23,904 basehttp 13168 10880 "POST /account/login/ HTTP/1.1" 302 0
INFO 2023-09-27 11:03:23,911 basehttp 13168 10880 "GET /account/ HTTP/1.1" 200 639
INFO 2023-09-27 11:03:29,241 basehttp 13168 10880 "GET /account/ HTTP/1.1" 200 639
INFO 2023-09-27 11:03:37,419 views 13168 10880 Index page accessed
INFO 2023-09-27 11:03:37,421 basehttp 13168 10880 "GET / HTTP/1.1" 200 9774
INFO 2023-09-27 11:04:54,308 autoreload 13168 7124 E:\pythonProject\djangoGB\djangoGB\settings.py changed, reloading.
INFO 2023-09-27 11:04:54,822 autoreload 11940 14304 Watching for file changes with StatReloader
INFO 2023-09-27 11:04:55,918 views 11940 4008 Index page accessed
INFO 2023-09-27 11:04:55,928 basehttp 11940 4008 "GET / HTTP/1.1" 200 9774
INFO 2023-09-27 11:05:00,679 basehttp 11940 4008 "GET /account/login/ HTTP/1.1" 200 1390
INFO 2023-09-27 11:05:37,290 basehttp 11940 4008 "GET /account/logout/ HTTP/1.1" 200 459
INFO 2023-09-27 11:05:39,849 basehttp 11940 4008 "GET /account/login/ HTTP/1.1" 200 1160
INFO 2023-09-27 11:05:41,736 basehttp 11940 4008 "GET /account/login/ HTTP/1.1" 200 1160
INFO 2023-09-27 11:05:47,370 basehttp 11940 4008 "POST /account/login/ HTTP/1.1" 302 0
INFO 2023-09-27 11:05:47,382 basehttp 11940 4008 "GET /account/ HTTP/1.1" 200 639
INFO 2023-09-27 11:05:54,368 basehttp 11940 4008 "GET /account/ HTTP/1.1" 200 639
INFO 2023-09-27 11:05:57,315 basehttp 11940 4008 "GET /account/login/ HTTP/1.1" 200 1390
INFO 2023-09-27 11:06:03,626 basehttp 11940 4008 "POST /account/login/ HTTP/1.1" 302 0
INFO 2023-09-27 11:06:03,632 basehttp 11940 4008 "GET /account/ HTTP/1.1" 200 639
INFO 2023-09-27 11:06:06,519 basehttp 11940 4008 "GET /account/ HTTP/1.1" 200 639
INFO 2023-09-27 11:06:24,033 basehttp 11940 4008 "GET /account/ HTTP/1.1" 200 639
INFO 2023-09-27 11:06:29,852 basehttp 11940 4008 "GET /account/logout/ HTTP/1.1" 200 459
INFO 2023-09-27 11:06:31,789 basehttp 11940 4008 "GET /account/login/ HTTP/1.1" 200 1160
